Using pre-set license
Built from '2020.3/release' branch; Version is '2020.3.1f1 (77a89f25062f) revision 7841951'; Using compiler version '192528614'; Build Type 'Release'
OS: 'Windows 10 Enterprise LTSC 2019; OS build 17763.1817; Version 1809; 64bit' Language: 'en' Physical Memory: 16335 MB
BatchMode: 1, IsHumanControllingUs: 0, StartBugReporterOnCrash: 0, Is64bit: 1, IsPro: 0

 COMMAND LINE ARGUMENTS:
F:\Unity\Unity_Projects\2020.3.1f1\Editor\Unity.exe
-adb2
-batchMode
-noUpm
-name
AssetImportWorker0
-projectPath
F:/Unity/GitHub/Sanguis-Universum
-logFile
Logs/AssetImportWorker0.log
-srvPort
51016
Successfully changed project path to: F:/Unity/GitHub/Sanguis-Universum
F:/Unity/GitHub/Sanguis-Universum
Using Asset Import Pipeline V2.
Refreshing native plugins compatible for Editor in 72.23 ms, found 0 plugins.
Preloading 0 native plugins for Editor in 0.00 ms.
Initialize engine version: 2020.3.1f1 (77a89f25062f)
[Subsystems] Discovering subsystems at path F:/Unity/Unity_Projects/2020.3.1f1/Editor/Data/Resources/UnitySubsystems
[Subsystems] Discovering subsystems at path F:/Unity/GitHub/Sanguis-Universum/Assets
GfxDevice: creating device client; threaded=0
Direct3D:
    Version:  Direct3D 11.0 [level 11.1]
    Renderer: Radeon RX 570 Series (ID=0x67df)
    Vendor:   
    VRAM:     4075 MB
    Driver:   27.20.14501.24001
Initialize mono
Mono path[0] = 'F:/Unity/Unity_Projects/2020.3.1f1/Editor/Data/Managed'
Mono path[1] = 'F:/Unity/Unity_Projects/2020.3.1f1/Editor/Data/MonoBleedingEdge/lib/mono/unityjit'
Mono config path = 'F:/Unity/Unity_Projects/2020.3.1f1/Editor/Data/MonoBleedingEdge/etc'
Using monoOptions --debugger-agent=transport=dt_socket,embedding=1,server=y,suspend=n,address=127.0.0.1:56156
Begin MonoManager ReloadAssembly
Registering precompiled unity dll's ...
Register platform support module: F:/Unity/Unity_Projects/2020.3.1f1/Editor/Data/PlaybackEngines/WindowsStandaloneSupport/UnityEditor.WindowsStandalone.Extensions.dll
Registered in 0.001452 seconds.
Native extension for WindowsStandalone target not found
Refreshing native plugins compatible for Editor in 68.91 ms, found 0 plugins.
Preloading 0 native plugins for Editor in 0.00 ms.
Invoked RoslynAnalysisRunner static constructor.
RoslynAnalysisRunner will not be running.
RoslynAnalysisRunner has terminated.
Mono: successfully reloaded assembly
- Completed reload, in  2.006 seconds
Platform modules already initialized, skipping
Registering precompiled user dll's ...
Registered in 0.001460 seconds.
Begin MonoManager ReloadAssembly
Native extension for WindowsStandalone target not found
Refreshing native plugins compatible for Editor in 64.07 ms, found 0 plugins.
Preloading 0 native plugins for Editor in 0.00 ms.
Invoked RoslynAnalysisRunner static constructor.
RoslynAnalysisRunner will not be running.
RoslynAnalysisRunner has terminated.
Mono: successfully reloaded assembly
- Completed reload, in  3.770 seconds
Platform modules already initialized, skipping
========================================================================
Worker process is ready to serve import requests
Shader 'Universal Render Pipeline/Particles/Lit': fallback shader 'Universal Render Pipeline/Particles/SimpleLit' not found
Shader 'Universal Render Pipeline/Particles/Lit': fallback shader 'Universal Render Pipeline/Particles/SimpleLit' not found
Launched and connected shader compiler UnityShaderCompiler.exe after 0.15 seconds
Refreshing native plugins compatible for Editor in 0.55 ms, found 0 plugins.
Preloading 0 native plugins for Editor in 0.00 ms.
Unloading 2417 Unused Serialized files (Serialized files now loaded: 0)
System memory in use before: 111.0 MB.
System memory in use after: 108.8 MB.

Unloading 46 unused Assets to reduce memory usage. Loaded Objects now: 2824.
Total: 6.430300 ms (FindLiveObjects: 0.558400 ms CreateObjectMapping: 0.250400 ms MarkObjects: 3.355000 ms  DeleteObjects: 2.263000 ms)

========================================================================
Received Import Request.
  path: Assets/Scripts/CharController.cs
  artifactKey: Guid(912f6b91ed210f74ba7b687ff77c24ca) Importer(815301076,1909f56bfc062723c751e8b465ee728b)
Start importing Assets/Scripts/CharController.cs using Guid(912f6b91ed210f74ba7b687ff77c24ca) Importer(815301076,1909f56bfc062723c751e8b465ee728b)  -> (artifact id: '499062e6d2d539cd8da738cceaff956a') in 0.065447 seconds
  Import took 0.071211 seconds .

========================================================================
Received Prepare
Registering precompiled user dll's ...
Registered in 0.001454 seconds.
Begin MonoManager ReloadAssembly
Native extension for WindowsStandalone target not found
Refreshing native plugins compatible for Editor in 0.50 ms, found 0 plugins.
Preloading 0 native plugins for Editor in 0.00 ms.
Invoked RoslynAnalysisRunner static constructor.
RoslynAnalysisRunner will not be running.
RoslynAnalysisRunner has terminated.
Mono: successfully reloaded assembly
- Completed reload, in  1.232 seconds
Platform modules already initialized, skipping
Shader 'Universal Render Pipeline/Particles/Lit': fallback shader 'Universal Render Pipeline/Particles/SimpleLit' not found
Shader 'Universal Render Pipeline/Particles/Lit': fallback shader 'Universal Render Pipeline/Particles/SimpleLit' not found
Refreshing native plugins compatible for Editor in 0.51 ms, found 0 plugins.
Preloading 0 native plugins for Editor in 0.00 ms.
Unloading 2344 Unused Serialized files (Serialized files now loaded: 0)
System memory in use before: 108.1 MB.
System memory in use after: 105.9 MB.

Unloading 41 unused Assets to reduce memory usage. Loaded Objects now: 2827.
Total: 4.563400 ms (FindLiveObjects: 0.500600 ms CreateObjectMapping: 0.173500 ms MarkObjects: 2.269200 ms  DeleteObjects: 1.618400 ms)

========================================================================
Received Prepare
Registering precompiled user dll's ...
Registered in 0.001594 seconds.
Begin MonoManager ReloadAssembly
Native extension for WindowsStandalone target not found
Refreshing native plugins compatible for Editor in 0.51 ms, found 0 plugins.
Preloading 0 native plugins for Editor in 0.00 ms.
Invoked RoslynAnalysisRunner static constructor.
RoslynAnalysisRunner will not be running.
RoslynAnalysisRunner has terminated.
Mono: successfully reloaded assembly
- Completed reload, in  1.207 seconds
Platform modules already initialized, skipping
Shader 'Universal Render Pipeline/Particles/Lit': fallback shader 'Universal Render Pipeline/Particles/SimpleLit' not found
Shader 'Universal Render Pipeline/Particles/Lit': fallback shader 'Universal Render Pipeline/Particles/SimpleLit' not found
Refreshing native plugins compatible for Editor in 0.49 ms, found 0 plugins.
Preloading 0 native plugins for Editor in 0.00 ms.
Unloading 2344 Unused Serialized files (Serialized files now loaded: 0)
System memory in use before: 108.1 MB.
System memory in use after: 105.9 MB.

Unloading 41 unused Assets to reduce memory usage. Loaded Objects now: 2830.
Total: 4.432900 ms (FindLiveObjects: 0.344700 ms CreateObjectMapping: 0.075400 ms MarkObjects: 2.177600 ms  DeleteObjects: 1.833700 ms)

========================================================================
Received Prepare
Registering precompiled user dll's ...
Registered in 0.001376 seconds.
Begin MonoManager ReloadAssembly
Native extension for WindowsStandalone target not found
Refreshing native plugins compatible for Editor in 1.36 ms, found 0 plugins.
Preloading 0 native plugins for Editor in 0.00 ms.
Invoked RoslynAnalysisRunner static constructor.
RoslynAnalysisRunner will not be running.
RoslynAnalysisRunner has terminated.
Mono: successfully reloaded assembly
- Completed reload, in  1.296 seconds
Platform modules already initialized, skipping
Shader 'Universal Render Pipeline/Particles/Lit': fallback shader 'Universal Render Pipeline/Particles/SimpleLit' not found
Shader 'Universal Render Pipeline/Particles/Lit': fallback shader 'Universal Render Pipeline/Particles/SimpleLit' not found
Refreshing native plugins compatible for Editor in 0.51 ms, found 0 plugins.
Preloading 0 native plugins for Editor in 0.00 ms.
Unloading 2344 Unused Serialized files (Serialized files now loaded: 0)
System memory in use before: 108.2 MB.
System memory in use after: 105.9 MB.

Unloading 41 unused Assets to reduce memory usage. Loaded Objects now: 2833.
Total: 5.027400 ms (FindLiveObjects: 0.448500 ms CreateObjectMapping: 0.112100 ms MarkObjects: 2.534600 ms  DeleteObjects: 1.930000 ms)

========================================================================
Received Prepare
Registering precompiled user dll's ...
Registered in 0.001629 seconds.
Begin MonoManager ReloadAssembly
Native extension for WindowsStandalone target not found
Refreshing native plugins compatible for Editor in 0.52 ms, found 0 plugins.
Preloading 0 native plugins for Editor in 0.00 ms.
Invoked RoslynAnalysisRunner static constructor.
RoslynAnalysisRunner will not be running.
RoslynAnalysisRunner has terminated.
Mono: successfully reloaded assembly
- Completed reload, in  1.265 seconds
Platform modules already initialized, skipping
Shader 'Universal Render Pipeline/Particles/Lit': fallback shader 'Universal Render Pipeline/Particles/SimpleLit' not found
Shader 'Universal Render Pipeline/Particles/Lit': fallback shader 'Universal Render Pipeline/Particles/SimpleLit' not found
Refreshing native plugins compatible for Editor in 0.56 ms, found 0 plugins.
Preloading 0 native plugins for Editor in 0.00 ms.
Unloading 2344 Unused Serialized files (Serialized files now loaded: 0)
System memory in use before: 108.2 MB.
System memory in use after: 106.0 MB.

Unloading 41 unused Assets to reduce memory usage. Loaded Objects now: 2836.
Total: 5.534000 ms (FindLiveObjects: 0.354400 ms CreateObjectMapping: 0.073400 ms MarkObjects: 3.272600 ms  DeleteObjects: 1.830000 ms)

========================================================================
Received Prepare
Registering precompiled user dll's ...
Registered in 0.002153 seconds.
Begin MonoManager ReloadAssembly
Native extension for WindowsStandalone target not found
Refreshing native plugins compatible for Editor in 0.51 ms, found 0 plugins.
Preloading 0 native plugins for Editor in 0.00 ms.
Invoked RoslynAnalysisRunner static constructor.
RoslynAnalysisRunner will not be running.
RoslynAnalysisRunner has terminated.
Mono: successfully reloaded assembly
- Completed reload, in  1.090 seconds
Platform modules already initialized, skipping
Shader 'Universal Render Pipeline/Particles/Lit': fallback shader 'Universal Render Pipeline/Particles/SimpleLit' not found
Shader 'Universal Render Pipeline/Particles/Lit': fallback shader 'Universal Render Pipeline/Particles/SimpleLit' not found
Refreshing native plugins compatible for Editor in 0.55 ms, found 0 plugins.
Preloading 0 native plugins for Editor in 0.00 ms.
Unloading 2344 Unused Serialized files (Serialized files now loaded: 0)
System memory in use before: 108.1 MB.
System memory in use after: 105.9 MB.

Unloading 41 unused Assets to reduce memory usage. Loaded Objects now: 2839.
Total: 5.749600 ms (FindLiveObjects: 0.432400 ms CreateObjectMapping: 0.186600 ms MarkObjects: 2.912400 ms  DeleteObjects: 2.215200 ms)

========================================================================
Received Import Request.
  Time since last request: 2766.507443 seconds.
  path: Assets/Sprites/Old_Sprites
  artifactKey: Guid(bfd406f4734d1c245b165d7a7e838f08) Importer(815301076,1909f56bfc062723c751e8b465ee728b)
Start importing Assets/Sprites/Old_Sprites using Guid(bfd406f4734d1c245b165d7a7e838f08) Importer(815301076,1909f56bfc062723c751e8b465ee728b)  -> (artifact id: '0b820c0547f89bd0e35633b770a8ee70') in 0.016401 seconds
  Import took 0.022485 seconds .

========================================================================
Received Import Request.
  Time since last request: 1.439863 seconds.
  path: Assets/Sprites/Old_Sprites/Hero
  artifactKey: Guid(8a471bcf73a28bd4ba65e29230ee228e) Importer(815301076,1909f56bfc062723c751e8b465ee728b)
Start importing Assets/Sprites/Old_Sprites/Hero using Guid(8a471bcf73a28bd4ba65e29230ee228e) Importer(815301076,1909f56bfc062723c751e8b465ee728b)  -> (artifact id: 'c053c83ca554a6475ef74c14a337ac8e') in 0.009720 seconds
  Import took 0.014312 seconds .

========================================================================
Received Import Request.
  Time since last request: 0.532111 seconds.
  path: Assets/Sprites/Old_Sprites/Hero/Damage.png
  artifactKey: Guid(2ab7f401747ac534c97a9631c3f6f281) Importer(815301076,1909f56bfc062723c751e8b465ee728b)
Start importing Assets/Sprites/Old_Sprites/Hero/Damage.png using Guid(2ab7f401747ac534c97a9631c3f6f281) Importer(815301076,1909f56bfc062723c751e8b465ee728b)  -> (artifact id: 'eacc1bd559c8eb0b0e133f19f96939c5') in 0.081792 seconds
  Import took 0.086211 seconds .

========================================================================
Received Import Request.
  Time since last request: 0.000246 seconds.
  path: Assets/Sprites/Old_Sprites/Hero/Hero.prefab
  artifactKey: Guid(05eb204bb4880e8478148e43f554bbcf) Importer(815301076,1909f56bfc062723c751e8b465ee728b)
Start importing Assets/Sprites/Old_Sprites/Hero/Hero.prefab using Guid(05eb204bb4880e8478148e43f554bbcf) Importer(815301076,1909f56bfc062723c751e8b465ee728b)  -> (artifact id: 'a15ba1cd0cadd5ddd25231183396248c') in 0.504326 seconds
  Import took 0.509067 seconds .

========================================================================
Received Import Request.
  Time since last request: 0.000273 seconds.
  path: Assets/Sprites/Old_Sprites/Hero/gg transparent.png
  artifactKey: Guid(d7e43bc5bfb9d4d4bb8fa4a5ed407ee1) Importer(815301076,1909f56bfc062723c751e8b465ee728b)
Start importing Assets/Sprites/Old_Sprites/Hero/gg transparent.png using Guid(d7e43bc5bfb9d4d4bb8fa4a5ed407ee1) Importer(815301076,1909f56bfc062723c751e8b465ee728b)  -> (artifact id: '501bef5d11bce26524f56f8aad2905af') in 0.061293 seconds
  Import took 0.065819 seconds .

========================================================================
Received Import Request.
  Time since last request: 2.616763 seconds.
  path: Assets/Sprites/Old_Sprites/Hero/Attack
  artifactKey: Guid(7643d9846f2658342ac24475a761113e) Importer(815301076,1909f56bfc062723c751e8b465ee728b)
Start importing Assets/Sprites/Old_Sprites/Hero/Attack using Guid(7643d9846f2658342ac24475a761113e) Importer(815301076,1909f56bfc062723c751e8b465ee728b)  -> (artifact id: 'b825c8c832d42188e0e3046d6fdb675d') in 0.009020 seconds
  Import took 0.013699 seconds .

========================================================================
Received Import Request.
  Time since last request: 0.054450 seconds.
  path: Assets/Sprites/Old_Sprites/Hero/Attack/attack transparent.png
  artifactKey: Guid(4cae7fab6de619244a31ec30c34f5933) Importer(815301076,1909f56bfc062723c751e8b465ee728b)
Start importing Assets/Sprites/Old_Sprites/Hero/Attack/attack transparent.png using Guid(4cae7fab6de619244a31ec30c34f5933) Importer(815301076,1909f56bfc062723c751e8b465ee728b)  -> (artifact id: '57a12f743e809d0d14a5fe58eb3d2083') in 0.027977 seconds
  Import took 0.032701 seconds .

========================================================================
Received Import Request.
  Time since last request: 0.008463 seconds.
  path: Assets/Sprites/Old_Sprites/Hero/Attack/attack1.png
  artifactKey: Guid(dffc97b25e55d09478db171e62f28288) Importer(815301076,1909f56bfc062723c751e8b465ee728b)
Start importing Assets/Sprites/Old_Sprites/Hero/Attack/attack1.png using Guid(dffc97b25e55d09478db171e62f28288) Importer(815301076,1909f56bfc062723c751e8b465ee728b)  -> (artifact id: '6b8620de34d62c48b53b2dfddb62f419') in 0.032968 seconds
  Import took 0.037749 seconds .

========================================================================
Received Import Request.
  Time since last request: 0.000279 seconds.
  path: Assets/Sprites/Old_Sprites/Hero/Attack/attack2.png
  artifactKey: Guid(285bf7760adc31247b1ebbc0a827a225) Importer(815301076,1909f56bfc062723c751e8b465ee728b)
Start importing Assets/Sprites/Old_Sprites/Hero/Attack/attack2.png using Guid(285bf7760adc31247b1ebbc0a827a225) Importer(815301076,1909f56bfc062723c751e8b465ee728b)  -> (artifact id: '84ac112e8184d5d268b6f5b5697e7d7d') in 0.028605 seconds
  Import took 0.034250 seconds .

========================================================================
Received Import Request.
  Time since last request: 0.000232 seconds.
  path: Assets/Sprites/Old_Sprites/Hero/Attack/Hero-Kakaszki.png
  artifactKey: Guid(68e1955b375282c418c21d2ac1558ff6) Importer(815301076,1909f56bfc062723c751e8b465ee728b)
Start importing Assets/Sprites/Old_Sprites/Hero/Attack/Hero-Kakaszki.png using Guid(68e1955b375282c418c21d2ac1558ff6) Importer(815301076,1909f56bfc062723c751e8b465ee728b)  -> (artifact id: 'fcca600241e6928627309342d207b110') in 0.027427 seconds
  Import took 0.032719 seconds .

========================================================================
Received Import Request.
  Time since last request: 0.000226 seconds.
  path: Assets/Sprites/Old_Sprites/Hero/Attack/attack2.png
  artifactKey: Guid(285bf7760adc31247b1ebbc0a827a225) Importer(815301076,1909f56bfc062723c751e8b465ee728b)
Start importing Assets/Sprites/Old_Sprites/Hero/Attack/attack2.png using Guid(285bf7760adc31247b1ebbc0a827a225) Importer(815301076,1909f56bfc062723c751e8b465ee728b)  -> (artifact id: '84ac112e8184d5d268b6f5b5697e7d7d') in 0.021556 seconds
  Import took 0.026484 seconds .

========================================================================
Received Import Request.
  Time since last request: 0.000280 seconds.
  path: Assets/Sprites/Old_Sprites/Hero/Attack/Hero-Kakaszki.png
  artifactKey: Guid(68e1955b375282c418c21d2ac1558ff6) Importer(815301076,1909f56bfc062723c751e8b465ee728b)
Start importing Assets/Sprites/Old_Sprites/Hero/Attack/Hero-Kakaszki.png using Guid(68e1955b375282c418c21d2ac1558ff6) Importer(815301076,1909f56bfc062723c751e8b465ee728b)  -> (artifact id: 'fcca600241e6928627309342d207b110') in 0.022202 seconds
  Import took 0.026501 seconds .

========================================================================
Received Import Request.
  Time since last request: 19.597072 seconds.
  path: Assets/Sprites/Old_Sprites/Monsters
  artifactKey: Guid(9a2996fb678aaa64e96f7af3616ef4ae) Importer(815301076,1909f56bfc062723c751e8b465ee728b)
Start importing Assets/Sprites/Old_Sprites/Monsters using Guid(9a2996fb678aaa64e96f7af3616ef4ae) Importer(815301076,1909f56bfc062723c751e8b465ee728b)  -> (artifact id: '8661aaaf7a2a6c5713592d1df0eee58c') in 0.009558 seconds
  Import took 0.014030 seconds .

========================================================================
Received Import Request.
  Time since last request: 0.055266 seconds.
  path: Assets/Sprites/Old_Sprites/Monsters/9a3ca38ca46dcf3d.png
  artifactKey: Guid(001554823228db64087d5137c2e0e2e5) Importer(815301076,1909f56bfc062723c751e8b465ee728b)
Start importing Assets/Sprites/Old_Sprites/Monsters/9a3ca38ca46dcf3d.png using Guid(001554823228db64087d5137c2e0e2e5) Importer(815301076,1909f56bfc062723c751e8b465ee728b)  -> (artifact id: '8c580e1143ccedd553e8b21b6e68165c') in 0.023587 seconds
  Import took 0.028089 seconds .

========================================================================
Received Import Request.
  Time since last request: 0.000273 seconds.
  path: Assets/Sprites/Old_Sprites/Monsters/_head_from_walk.png
  artifactKey: Guid(15eb220f57764f64ab0059ed43322833) Importer(815301076,1909f56bfc062723c751e8b465ee728b)
Start importing Assets/Sprites/Old_Sprites/Monsters/_head_from_walk.png using Guid(15eb220f57764f64ab0059ed43322833) Importer(815301076,1909f56bfc062723c751e8b465ee728b)  -> (artifact id: 'bb3787da18dc663ad1be09225192ca62') in 0.024649 seconds
  Import took 0.028738 seconds .

========================================================================
Received Import Request.
  Time since last request: 0.009601 seconds.
  path: Assets/Sprites/Old_Sprites/Monsters/mosnter transparent.png
  artifactKey: Guid(a6eaf6892bd94264fadb90bae03818f0) Importer(815301076,1909f56bfc062723c751e8b465ee728b)
Start importing Assets/Sprites/Old_Sprites/Monsters/mosnter transparent.png using Guid(a6eaf6892bd94264fadb90bae03818f0) Importer(815301076,1909f56bfc062723c751e8b465ee728b)  -> (artifact id: '12ba1401fe968983a6bfc5747b19a0d9') in 0.028289 seconds
  Import took 0.032974 seconds .

========================================================================
Received Import Request.
  Time since last request: 0.000216 seconds.
  path: Assets/Sprites/Old_Sprites/Monsters/walking monster transparent.png
  artifactKey: Guid(2d6b34e58e2427b40b338f4f76abc9f0) Importer(815301076,1909f56bfc062723c751e8b465ee728b)
Start importing Assets/Sprites/Old_Sprites/Monsters/walking monster transparent.png using Guid(2d6b34e58e2427b40b338f4f76abc9f0) Importer(815301076,1909f56bfc062723c751e8b465ee728b)  -> (artifact id: 'e5630137a0afafa14f43695ae462f9a8') in 0.035527 seconds
  Import took 0.040252 seconds .

========================================================================
Received Import Request.
  Time since last request: 0.000232 seconds.
  path: Assets/Sprites/Old_Sprites/Monsters/WALK_without_head.png
  artifactKey: Guid(a6e7991a65746ea46931f9cf9818a16f) Importer(815301076,1909f56bfc062723c751e8b465ee728b)
Start importing Assets/Sprites/Old_Sprites/Monsters/WALK_without_head.png using Guid(a6e7991a65746ea46931f9cf9818a16f) Importer(815301076,1909f56bfc062723c751e8b465ee728b)  -> (artifact id: '1d57bd5974c41497a69bd128fd9be524') in 0.035424 seconds
  Import took 0.040369 seconds .

========================================================================
Received Import Request.
  Time since last request: 28.156759 seconds.
  path: Assets/Scripts/PlayerController.cs
  artifactKey: Guid(06a7d6af6a547ee46940a8ddbf6cc96a) Importer(815301076,1909f56bfc062723c751e8b465ee728b)
Start importing Assets/Scripts/PlayerController.cs using Guid(06a7d6af6a547ee46940a8ddbf6cc96a) Importer(815301076,1909f56bfc062723c751e8b465ee728b)  -> (artifact id: '7bff774265aa0581d688e1a7489c1181') in 0.010969 seconds
  Import took 0.015517 seconds .

AssetImportWorkerClient::OnTransportError - code=2 error=End of file
