Using pre-set license
Built from '2020.3/staging' branch; Version is '2020.3.4f1 (0abb6314276a) revision 703331'; Using compiler version '192528614'; Build Type 'Release'
OS: 'Windows 10 Enterprise LTSC 2019; OS build 17763.1879; Version 1809; 64bit' Language: 'en' Physical Memory: 16335 MB
BatchMode: 1, IsHumanControllingUs: 0, StartBugReporterOnCrash: 0, Is64bit: 1, IsPro: 0

 COMMAND LINE ARGUMENTS:
F:\Unity\Unity_Projects\2020.3.4f1\Editor\Unity.exe
-adb2
-batchMode
-noUpm
-name
AssetImportWorker1
-projectPath
F:/Unity/GitHub/Sanguis-Universum/Sanguis-Universum
-logFile
Logs/AssetImportWorker1.log
-srvPort
53656
Successfully changed project path to: F:/Unity/GitHub/Sanguis-Universum/Sanguis-Universum
F:/Unity/GitHub/Sanguis-Universum/Sanguis-Universum
Using Asset Import Pipeline V2.
Refreshing native plugins compatible for Editor in 70.02 ms, found 0 plugins.
Preloading 0 native plugins for Editor in 0.00 ms.
Initialize engine version: 2020.3.4f1 (0abb6314276a)
[Subsystems] Discovering subsystems at path F:/Unity/Unity_Projects/2020.3.4f1/Editor/Data/Resources/UnitySubsystems
[Subsystems] Discovering subsystems at path F:/Unity/GitHub/Sanguis-Universum/Sanguis-Universum/Assets
GfxDevice: creating device client; threaded=0
Direct3D:
    Version:  Direct3D 11.0 [level 11.1]
    Renderer: Radeon RX 570 Series (ID=0x67df)
    Vendor:   
    VRAM:     4075 MB
    Driver:   27.20.14501.24001
Shader 'Universal Render Pipeline/Particles/Lit': fallback shader 'Universal Render Pipeline/Particles/SimpleLit' not found
Initialize mono
Mono path[0] = 'F:/Unity/Unity_Projects/2020.3.4f1/Editor/Data/Managed'
Mono path[1] = 'F:/Unity/Unity_Projects/2020.3.4f1/Editor/Data/MonoBleedingEdge/lib/mono/unityjit'
Mono config path = 'F:/Unity/Unity_Projects/2020.3.4f1/Editor/Data/MonoBleedingEdge/etc'
Using monoOptions --debugger-agent=transport=dt_socket,embedding=1,server=y,suspend=n,address=127.0.0.1:56000
Begin MonoManager ReloadAssembly
Registering precompiled unity dll's ...
Register platform support module: F:/Unity/Unity_Projects/2020.3.4f1/Editor/Data/PlaybackEngines/WindowsStandaloneSupport/UnityEditor.WindowsStandalone.Extensions.dll
Registered in 0.001767 seconds.
Native extension for WindowsStandalone target not found
Refreshing native plugins compatible for Editor in 67.22 ms, found 0 plugins.
Preloading 0 native plugins for Editor in 0.00 ms.
Mono: successfully reloaded assembly
- Completed reload, in  1.564 seconds
Platform modules already initialized, skipping
Registering precompiled user dll's ...
Registered in 0.001555 seconds.
Begin MonoManager ReloadAssembly
Native extension for WindowsStandalone target not found
Refreshing native plugins compatible for Editor in 66.05 ms, found 0 plugins.
Preloading 0 native plugins for Editor in 0.00 ms.
Mono: successfully reloaded assembly
- Completed reload, in  1.360 seconds
Platform modules already initialized, skipping
========================================================================
Worker process is ready to serve import requests
Shader 'Universal Render Pipeline/Particles/Lit': fallback shader 'Universal Render Pipeline/Particles/SimpleLit' not found
Launched and connected shader compiler UnityShaderCompiler.exe after 0.09 seconds
Refreshing native plugins compatible for Editor in 0.57 ms, found 0 plugins.
Preloading 0 native plugins for Editor in 0.00 ms.
Unloading 2431 Unused Serialized files (Serialized files now loaded: 0)
System memory in use before: 117.2 MB.
System memory in use after: 117.3 MB.

Unloading 11 unused Assets to reduce memory usage. Loaded Objects now: 2870.
Total: 3.966100 ms (FindLiveObjects: 0.316600 ms CreateObjectMapping: 0.082200 ms MarkObjects: 3.377800 ms  DeleteObjects: 0.187100 ms)

========================================================================
Received Import Request.
  path: ProjectSettings/TagManager.asset
  artifactKey: Guid(00000000000000003000000000000000) Importer(815301076,1909f56bfc062723c751e8b465ee728b)
Start importing ProjectSettings/TagManager.asset using Guid(00000000000000003000000000000000) Importer(815301076,1909f56bfc062723c751e8b465ee728b)  -> (artifact id: '4fd45125a297f7b239f275c7d914fdd4') in 0.056095 seconds
  Import took 0.061525 seconds .

========================================================================
Received Import Request.
  Time since last request: 31.607987 seconds.
  path: Assets/Scripts/DMTMP/Interaction.cs
  artifactKey: Guid(bcfe461bff030f54c9ec5da30fd38644) Importer(815301076,1909f56bfc062723c751e8b465ee728b)
Start importing Assets/Scripts/DMTMP/Interaction.cs using Guid(bcfe461bff030f54c9ec5da30fd38644) Importer(815301076,1909f56bfc062723c751e8b465ee728b)  -> (artifact id: '9955137b77e06436dc6b555b71292625') in 0.020181 seconds
  Import took 0.028142 seconds .

========================================================================
Received Import Request.
  Time since last request: 0.008403 seconds.
  path: Assets/Scripts/DMTMP/Interaction.cs
  artifactKey: Guid(bcfe461bff030f54c9ec5da30fd38644) Importer(815301076,1909f56bfc062723c751e8b465ee728b)
Start importing Assets/Scripts/DMTMP/Interaction.cs using Guid(bcfe461bff030f54c9ec5da30fd38644) Importer(815301076,1909f56bfc062723c751e8b465ee728b)  -> (artifact id: '9955137b77e06436dc6b555b71292625') in 0.016234 seconds
  Import took 0.021912 seconds .

========================================================================
Received Import Request.
  Time since last request: 67.773903 seconds.
  path: Assets/Scenes/FirstOne_Scene/FirstOne_Scene.unity
  artifactKey: Guid(8b1504e45d43d5645b17ce243e3ad5bc) Importer(815301076,1909f56bfc062723c751e8b465ee728b)
Start importing Assets/Scenes/FirstOne_Scene/FirstOne_Scene.unity using Guid(8b1504e45d43d5645b17ce243e3ad5bc) Importer(815301076,1909f56bfc062723c751e8b465ee728b)  -> (artifact id: 'dfc4e94c8587066c1b40b426e149a6f8') in 0.020286 seconds
  Import took 0.025837 seconds .

========================================================================
Received Prepare
Registering precompiled user dll's ...
Registered in 0.001738 seconds.
Begin MonoManager ReloadAssembly
Native extension for WindowsStandalone target not found
Refreshing native plugins compatible for Editor in 0.61 ms, found 0 plugins.
Preloading 0 native plugins for Editor in 0.00 ms.
Mono: successfully reloaded assembly
- Completed reload, in  1.284 seconds
Platform modules already initialized, skipping
Shader 'Universal Render Pipeline/Particles/Lit': fallback shader 'Universal Render Pipeline/Particles/SimpleLit' not found
Refreshing native plugins compatible for Editor in 0.49 ms, found 0 plugins.
Preloading 0 native plugins for Editor in 0.00 ms.
Unloading 2304 Unused Serialized files (Serialized files now loaded: 0)
System memory in use before: 108.6 MB.
System memory in use after: 108.6 MB.

Unloading 8 unused Assets to reduce memory usage. Loaded Objects now: 2873.
Total: 3.336500 ms (FindLiveObjects: 0.353800 ms CreateObjectMapping: 0.081300 ms MarkObjects: 2.738300 ms  DeleteObjects: 0.159800 ms)

========================================================================
Received Prepare
Registering precompiled user dll's ...
Registered in 0.002874 seconds.
Begin MonoManager ReloadAssembly
Native extension for WindowsStandalone target not found
Refreshing native plugins compatible for Editor in 0.84 ms, found 0 plugins.
Preloading 0 native plugins for Editor in 0.00 ms.
Mono: successfully reloaded assembly
- Completed reload, in  1.983 seconds
Platform modules already initialized, skipping
Shader 'Universal Render Pipeline/Particles/Lit': fallback shader 'Universal Render Pipeline/Particles/SimpleLit' not found
Refreshing native plugins compatible for Editor in 0.51 ms, found 0 plugins.
Preloading 0 native plugins for Editor in 0.00 ms.
Unloading 2304 Unused Serialized files (Serialized files now loaded: 0)
System memory in use before: 108.6 MB.
System memory in use after: 108.7 MB.

Unloading 7 unused Assets to reduce memory usage. Loaded Objects now: 2876.
Total: 4.226700 ms (FindLiveObjects: 0.356500 ms CreateObjectMapping: 0.078000 ms MarkObjects: 3.520200 ms  DeleteObjects: 0.269800 ms)

========================================================================
Received Prepare
Registering precompiled user dll's ...
Registered in 0.002197 seconds.
Begin MonoManager ReloadAssembly
Native extension for WindowsStandalone target not found
Refreshing native plugins compatible for Editor in 0.56 ms, found 0 plugins.
Preloading 0 native plugins for Editor in 0.00 ms.
Mono: successfully reloaded assembly
- Completed reload, in  2.070 seconds
Platform modules already initialized, skipping
Shader 'Universal Render Pipeline/Particles/Lit': fallback shader 'Universal Render Pipeline/Particles/SimpleLit' not found
Refreshing native plugins compatible for Editor in 0.57 ms, found 0 plugins.
Preloading 0 native plugins for Editor in 0.00 ms.
Unloading 2304 Unused Serialized files (Serialized files now loaded: 0)
System memory in use before: 108.6 MB.
System memory in use after: 108.7 MB.

Unloading 7 unused Assets to reduce memory usage. Loaded Objects now: 2879.
Total: 4.075400 ms (FindLiveObjects: 0.559300 ms CreateObjectMapping: 0.177200 ms MarkObjects: 3.164900 ms  DeleteObjects: 0.171300 ms)

========================================================================
Received Import Request.
  Time since last request: 1041.993717 seconds.
  path: Assets/Scripts/PlayerScripts/Player_Stats_Equipment.cs
  artifactKey: Guid(2c6fa89f8c4c1af4295beb211cd6fb1f) Importer(815301076,1909f56bfc062723c751e8b465ee728b)
Start importing Assets/Scripts/PlayerScripts/Player_Stats_Equipment.cs using Guid(2c6fa89f8c4c1af4295beb211cd6fb1f) Importer(815301076,1909f56bfc062723c751e8b465ee728b)  -> (artifact id: '7ce3da488c5414f6b2fbcb128243cb0e') in 0.009714 seconds
  Import took 0.015423 seconds .

========================================================================
Received Import Request.
  Time since last request: 0.027281 seconds.
  path: Assets/Scripts/PlayerScripts/Player_Stats_Equipment.cs
  artifactKey: Guid(2c6fa89f8c4c1af4295beb211cd6fb1f) Importer(815301076,1909f56bfc062723c751e8b465ee728b)
Start importing Assets/Scripts/PlayerScripts/Player_Stats_Equipment.cs using Guid(2c6fa89f8c4c1af4295beb211cd6fb1f) Importer(815301076,1909f56bfc062723c751e8b465ee728b)  -> (artifact id: '7ce3da488c5414f6b2fbcb128243cb0e') in 0.010246 seconds
  Import took 0.015748 seconds .

========================================================================
Received Import Request.
  Time since last request: 28.327667 seconds.
  path: Assets/Scripts/PlayerScripts/Player_Stats_Equipment.cs
  artifactKey: Guid(2c6fa89f8c4c1af4295beb211cd6fb1f) Importer(815301076,1909f56bfc062723c751e8b465ee728b)
Start importing Assets/Scripts/PlayerScripts/Player_Stats_Equipment.cs using Guid(2c6fa89f8c4c1af4295beb211cd6fb1f) Importer(815301076,1909f56bfc062723c751e8b465ee728b)  -> (artifact id: '487d8d6bdf13db8e446adf647ab168c3') in 0.038140 seconds
  Import took 0.086126 seconds .

========================================================================
Received Prepare
Registering precompiled user dll's ...
Registered in 0.001458 seconds.
Begin MonoManager ReloadAssembly
Native extension for WindowsStandalone target not found
Refreshing native plugins compatible for Editor in 0.59 ms, found 0 plugins.
Preloading 0 native plugins for Editor in 0.00 ms.
Mono: successfully reloaded assembly
- Completed reload, in  1.621 seconds
Platform modules already initialized, skipping
Shader 'Universal Render Pipeline/Particles/Lit': fallback shader 'Universal Render Pipeline/Particles/SimpleLit' not found
Refreshing native plugins compatible for Editor in 0.48 ms, found 0 plugins.
Preloading 0 native plugins for Editor in 0.00 ms.
Unloading 2304 Unused Serialized files (Serialized files now loaded: 0)
System memory in use before: 108.6 MB.
System memory in use after: 108.7 MB.

Unloading 7 unused Assets to reduce memory usage. Loaded Objects now: 2882.
Total: 7.735400 ms (FindLiveObjects: 0.330900 ms CreateObjectMapping: 0.082300 ms MarkObjects: 5.745600 ms  DeleteObjects: 1.056500 ms)

========================================================================
Received Import Request.
  Time since last request: 210.408785 seconds.
  path: Assets/Scripts/PlayerScripts/Player_Stats_Equipment.cs
  artifactKey: Guid(2c6fa89f8c4c1af4295beb211cd6fb1f) Importer(815301076,1909f56bfc062723c751e8b465ee728b)
Start importing Assets/Scripts/PlayerScripts/Player_Stats_Equipment.cs using Guid(2c6fa89f8c4c1af4295beb211cd6fb1f) Importer(815301076,1909f56bfc062723c751e8b465ee728b)  -> (artifact id: '4fec3b0722232051dc6f4fccb18fb9b7') in 0.012007 seconds
  Import took 0.018303 seconds .

========================================================================
Received Import Request.
  Time since last request: 138.614548 seconds.
  path: Assets/Scenes/FirstOne_Scene/FirstOne_Scene.unity
  artifactKey: Guid(8b1504e45d43d5645b17ce243e3ad5bc) Importer(815301076,1909f56bfc062723c751e8b465ee728b)
Start importing Assets/Scenes/FirstOne_Scene/FirstOne_Scene.unity using Guid(8b1504e45d43d5645b17ce243e3ad5bc) Importer(815301076,1909f56bfc062723c751e8b465ee728b)  -> (artifact id: 'd98da4fd86dfba8210c8bd84e899cc09') in 0.027138 seconds
  Import took 0.032999 seconds .

========================================================================
Received Import Request.
  Time since last request: 15.452135 seconds.
  path: Assets/Prefabs/Hero.prefab
  artifactKey: Guid(ee7d0e07c7818c3478045ecf90e4af96) Importer(815301076,1909f56bfc062723c751e8b465ee728b)
Start importing Assets/Prefabs/Hero.prefab using Guid(ee7d0e07c7818c3478045ecf90e4af96) Importer(815301076,1909f56bfc062723c751e8b465ee728b)  -> (artifact id: 'ff7459ce1ec43b4d1d1588d6b3789ad5') in 0.348484 seconds
  Import took 0.354496 seconds .

========================================================================
Received Import Request.
  Time since last request: 5.627903 seconds.
  path: Assets/Scenes/Menu.unity
  artifactKey: Guid(d40d0e0c026f7a041a03954c2d013a74) Importer(815301076,1909f56bfc062723c751e8b465ee728b)
Start importing Assets/Scenes/Menu.unity using Guid(d40d0e0c026f7a041a03954c2d013a74) Importer(815301076,1909f56bfc062723c751e8b465ee728b)  -> (artifact id: '727a6d7b82ddc1bcd887076aa92c65f2') in 0.021034 seconds
  Import took 0.027202 seconds .

========================================================================
Received Import Request.
  Time since last request: 43.174345 seconds.
  path: Assets/Fonts/shlop rg.ttf
  artifactKey: Guid(041a83955ea0b1d4ab961aeb3744d399) Importer(815301076,1909f56bfc062723c751e8b465ee728b)
Start importing Assets/Fonts/shlop rg.ttf using Guid(041a83955ea0b1d4ab961aeb3744d399) Importer(815301076,1909f56bfc062723c751e8b465ee728b)  -> (artifact id: 'f9af4b0a97ce630d1d89a41cc88d753a') in 0.099081 seconds
  Import took 0.104479 seconds .

========================================================================
Received Prepare
Registering precompiled user dll's ...
Registered in 0.001501 seconds.
Begin MonoManager ReloadAssembly
Native extension for WindowsStandalone target not found
Refreshing native plugins compatible for Editor in 0.49 ms, found 0 plugins.
Preloading 0 native plugins for Editor in 0.00 ms.
Mono: successfully reloaded assembly
- Completed reload, in  1.280 seconds
Platform modules already initialized, skipping
Shader 'Universal Render Pipeline/Particles/Lit': fallback shader 'Universal Render Pipeline/Particles/SimpleLit' not found
Refreshing native plugins compatible for Editor in 0.48 ms, found 0 plugins.
Preloading 0 native plugins for Editor in 0.00 ms.
Unloading 2304 Unused Serialized files (Serialized files now loaded: 0)
System memory in use before: 114.0 MB.
System memory in use after: 114.1 MB.

Unloading 7 unused Assets to reduce memory usage. Loaded Objects now: 2967.
Total: 3.462900 ms (FindLiveObjects: 0.343400 ms CreateObjectMapping: 0.075100 ms MarkObjects: 2.900800 ms  DeleteObjects: 0.141800 ms)

========================================================================
Received Prepare
Registering precompiled user dll's ...
Registered in 0.001985 seconds.
Begin MonoManager ReloadAssembly
Native extension for WindowsStandalone target not found
Refreshing native plugins compatible for Editor in 0.50 ms, found 0 plugins.
Preloading 0 native plugins for Editor in 0.00 ms.
Mono: successfully reloaded assembly
- Completed reload, in  1.455 seconds
Platform modules already initialized, skipping
Shader 'Universal Render Pipeline/Particles/Lit': fallback shader 'Universal Render Pipeline/Particles/SimpleLit' not found
Refreshing native plugins compatible for Editor in 0.60 ms, found 0 plugins.
Preloading 0 native plugins for Editor in 0.00 ms.
Unloading 2304 Unused Serialized files (Serialized files now loaded: 0)
System memory in use before: 114.1 MB.
System memory in use after: 114.2 MB.

Unloading 7 unused Assets to reduce memory usage. Loaded Objects now: 2970.
Total: 3.367900 ms (FindLiveObjects: 0.322300 ms CreateObjectMapping: 0.078000 ms MarkObjects: 2.761700 ms  DeleteObjects: 0.204000 ms)

========================================================================
Received Import Request.
  Time since last request: 187.112915 seconds.
  path: Assets/Scenes/FirstOne_Scene/FirstOne_Scene.unity
  artifactKey: Guid(8b1504e45d43d5645b17ce243e3ad5bc) Importer(815301076,1909f56bfc062723c751e8b465ee728b)
Start importing Assets/Scenes/FirstOne_Scene/FirstOne_Scene.unity using Guid(8b1504e45d43d5645b17ce243e3ad5bc) Importer(815301076,1909f56bfc062723c751e8b465ee728b)  -> (artifact id: 'bbc104ab4708984c17506548bf36da4b') in 0.029215 seconds
  Import took 0.034470 seconds .

========================================================================
Received Prepare
Registering precompiled user dll's ...
Registered in 0.001825 seconds.
Begin MonoManager ReloadAssembly
Native extension for WindowsStandalone target not found
Refreshing native plugins compatible for Editor in 0.49 ms, found 0 plugins.
Preloading 0 native plugins for Editor in 0.00 ms.
Mono: successfully reloaded assembly
- Completed reload, in  1.265 seconds
Platform modules already initialized, skipping
Shader 'Universal Render Pipeline/Particles/Lit': fallback shader 'Universal Render Pipeline/Particles/SimpleLit' not found
Refreshing native plugins compatible for Editor in 0.60 ms, found 0 plugins.
Preloading 0 native plugins for Editor in 0.00 ms.
Unloading 2304 Unused Serialized files (Serialized files now loaded: 0)
System memory in use before: 114.2 MB.
System memory in use after: 114.2 MB.

Unloading 7 unused Assets to reduce memory usage. Loaded Objects now: 2973.
Total: 3.458200 ms (FindLiveObjects: 0.440900 ms CreateObjectMapping: 0.088000 ms MarkObjects: 2.769900 ms  DeleteObjects: 0.157800 ms)

========================================================================
Received Prepare
Registering precompiled user dll's ...
Registered in 0.005857 seconds.
Begin MonoManager ReloadAssembly
Native extension for WindowsStandalone target not found
Refreshing native plugins compatible for Editor in 0.72 ms, found 0 plugins.
Preloading 0 native plugins for Editor in 0.00 ms.
Mono: successfully reloaded assembly
- Completed reload, in  1.296 seconds
Platform modules already initialized, skipping
Shader 'Universal Render Pipeline/Particles/Lit': fallback shader 'Universal Render Pipeline/Particles/SimpleLit' not found
Refreshing native plugins compatible for Editor in 0.57 ms, found 0 plugins.
Preloading 0 native plugins for Editor in 0.00 ms.
Unloading 2304 Unused Serialized files (Serialized files now loaded: 0)
System memory in use before: 114.2 MB.
System memory in use after: 114.2 MB.

Unloading 7 unused Assets to reduce memory usage. Loaded Objects now: 2976.
Total: 3.718900 ms (FindLiveObjects: 0.321500 ms CreateObjectMapping: 0.075400 ms MarkObjects: 3.101700 ms  DeleteObjects: 0.217900 ms)

========================================================================
Received Prepare
Registering precompiled user dll's ...
Registered in 0.001708 seconds.
Begin MonoManager ReloadAssembly
Native extension for WindowsStandalone target not found
Refreshing native plugins compatible for Editor in 0.53 ms, found 0 plugins.
Preloading 0 native plugins for Editor in 0.00 ms.
Mono: successfully reloaded assembly
- Completed reload, in  2.091 seconds
Platform modules already initialized, skipping
Shader 'Universal Render Pipeline/Particles/Lit': fallback shader 'Universal Render Pipeline/Particles/SimpleLit' not found
Refreshing native plugins compatible for Editor in 0.99 ms, found 0 plugins.
Preloading 0 native plugins for Editor in 0.00 ms.
Unloading 2304 Unused Serialized files (Serialized files now loaded: 0)
System memory in use before: 114.2 MB.
System memory in use after: 114.3 MB.

Unloading 7 unused Assets to reduce memory usage. Loaded Objects now: 2979.
Total: 4.381500 ms (FindLiveObjects: 0.399500 ms CreateObjectMapping: 0.129500 ms MarkObjects: 3.572600 ms  DeleteObjects: 0.278400 ms)

========================================================================
Received Prepare
Registering precompiled user dll's ...
Registered in 0.001572 seconds.
Begin MonoManager ReloadAssembly
Native extension for WindowsStandalone target not found
Refreshing native plugins compatible for Editor in 0.53 ms, found 0 plugins.
Preloading 0 native plugins for Editor in 0.00 ms.
Mono: successfully reloaded assembly
- Completed reload, in  1.414 seconds
Platform modules already initialized, skipping
Shader 'Universal Render Pipeline/Particles/Lit': fallback shader 'Universal Render Pipeline/Particles/SimpleLit' not found
Refreshing native plugins compatible for Editor in 0.48 ms, found 0 plugins.
Preloading 0 native plugins for Editor in 0.00 ms.
Unloading 2304 Unused Serialized files (Serialized files now loaded: 0)
System memory in use before: 114.1 MB.
System memory in use after: 114.2 MB.

Unloading 7 unused Assets to reduce memory usage. Loaded Objects now: 2982.
Total: 3.610900 ms (FindLiveObjects: 0.324200 ms CreateObjectMapping: 0.074700 ms MarkObjects: 3.042200 ms  DeleteObjects: 0.167700 ms)

========================================================================
Received Prepare
Registering precompiled user dll's ...
Registered in 0.001985 seconds.
Begin MonoManager ReloadAssembly
Native extension for WindowsStandalone target not found
Refreshing native plugins compatible for Editor in 0.56 ms, found 0 plugins.
Preloading 0 native plugins for Editor in 0.00 ms.
Mono: successfully reloaded assembly
- Completed reload, in  1.934 seconds
Platform modules already initialized, skipping
Shader 'Universal Render Pipeline/Particles/Lit': fallback shader 'Universal Render Pipeline/Particles/SimpleLit' not found
Refreshing native plugins compatible for Editor in 0.47 ms, found 0 plugins.
Preloading 0 native plugins for Editor in 0.00 ms.
Unloading 2304 Unused Serialized files (Serialized files now loaded: 0)
System memory in use before: 114.2 MB.
System memory in use after: 114.3 MB.

Unloading 7 unused Assets to reduce memory usage. Loaded Objects now: 2985.
Total: 9.732100 ms (FindLiveObjects: 2.417100 ms CreateObjectMapping: 0.520300 ms MarkObjects: 6.567500 ms  DeleteObjects: 0.224800 ms)

========================================================================
Received Prepare
Registering precompiled user dll's ...
Registered in 0.001352 seconds.
Begin MonoManager ReloadAssembly
Native extension for WindowsStandalone target not found
Refreshing native plugins compatible for Editor in 0.62 ms, found 0 plugins.
Preloading 0 native plugins for Editor in 0.00 ms.
Mono: successfully reloaded assembly
- Completed reload, in  1.319 seconds
Platform modules already initialized, skipping
Shader 'Universal Render Pipeline/Particles/Lit': fallback shader 'Universal Render Pipeline/Particles/SimpleLit' not found
Refreshing native plugins compatible for Editor in 0.49 ms, found 0 plugins.
Preloading 0 native plugins for Editor in 0.00 ms.
Unloading 2304 Unused Serialized files (Serialized files now loaded: 0)
System memory in use before: 114.2 MB.
System memory in use after: 114.3 MB.

Unloading 7 unused Assets to reduce memory usage. Loaded Objects now: 2988.
Total: 3.653300 ms (FindLiveObjects: 0.408700 ms CreateObjectMapping: 0.193000 ms MarkObjects: 2.847400 ms  DeleteObjects: 0.201300 ms)

========================================================================
Received Prepare
Registering precompiled user dll's ...
Registered in 0.001444 seconds.
Begin MonoManager ReloadAssembly
Native extension for WindowsStandalone target not found
Refreshing native plugins compatible for Editor in 2.95 ms, found 0 plugins.
Preloading 0 native plugins for Editor in 0.00 ms.
Mono: successfully reloaded assembly
- Completed reload, in  1.955 seconds
Platform modules already initialized, skipping
Shader 'Universal Render Pipeline/Particles/Lit': fallback shader 'Universal Render Pipeline/Particles/SimpleLit' not found
Refreshing native plugins compatible for Editor in 0.97 ms, found 0 plugins.
Preloading 0 native plugins for Editor in 0.00 ms.
Unloading 2304 Unused Serialized files (Serialized files now loaded: 0)
System memory in use before: 114.2 MB.
System memory in use after: 114.3 MB.

Unloading 7 unused Assets to reduce memory usage. Loaded Objects now: 2991.
Total: 10.015100 ms (FindLiveObjects: 3.127000 ms CreateObjectMapping: 1.090500 ms MarkObjects: 5.502300 ms  DeleteObjects: 0.293000 ms)

========================================================================
Received Prepare
Registering precompiled user dll's ...
Registered in 0.042991 seconds.
Begin MonoManager ReloadAssembly
Native extension for WindowsStandalone target not found
Refreshing native plugins compatible for Editor in 0.97 ms, found 0 plugins.
Preloading 0 native plugins for Editor in 0.00 ms.
Mono: successfully reloaded assembly
- Completed reload, in  1.736 seconds
Platform modules already initialized, skipping
Shader 'Universal Render Pipeline/Particles/Lit': fallback shader 'Universal Render Pipeline/Particles/SimpleLit' not found
Refreshing native plugins compatible for Editor in 0.54 ms, found 0 plugins.
Preloading 0 native plugins for Editor in 0.00 ms.
Unloading 2304 Unused Serialized files (Serialized files now loaded: 0)
System memory in use before: 114.2 MB.
System memory in use after: 114.3 MB.

Unloading 7 unused Assets to reduce memory usage. Loaded Objects now: 2994.
Total: 2.854100 ms (FindLiveObjects: 0.379000 ms CreateObjectMapping: 0.074300 ms MarkObjects: 2.232200 ms  DeleteObjects: 0.167300 ms)

========================================================================
Received Prepare
Registering precompiled user dll's ...
Registered in 0.002476 seconds.
Begin MonoManager ReloadAssembly
Native extension for WindowsStandalone target not found
Refreshing native plugins compatible for Editor in 0.51 ms, found 0 plugins.
Preloading 0 native plugins for Editor in 0.00 ms.
Mono: successfully reloaded assembly
- Completed reload, in  1.331 seconds
Platform modules already initialized, skipping
Shader 'Universal Render Pipeline/Particles/Lit': fallback shader 'Universal Render Pipeline/Particles/SimpleLit' not found
Refreshing native plugins compatible for Editor in 0.53 ms, found 0 plugins.
Preloading 0 native plugins for Editor in 0.00 ms.
Unloading 2304 Unused Serialized files (Serialized files now loaded: 0)
System memory in use before: 114.1 MB.
System memory in use after: 114.2 MB.

Unloading 7 unused Assets to reduce memory usage. Loaded Objects now: 2997.
Total: 3.352900 ms (FindLiveObjects: 0.388100 ms CreateObjectMapping: 0.085600 ms MarkObjects: 2.572900 ms  DeleteObjects: 0.303900 ms)

========================================================================
Received Prepare
Registering precompiled user dll's ...
Registered in 0.001657 seconds.
Begin MonoManager ReloadAssembly
Native extension for WindowsStandalone target not found
Refreshing native plugins compatible for Editor in 0.56 ms, found 0 plugins.
Preloading 0 native plugins for Editor in 0.00 ms.
Mono: successfully reloaded assembly
- Completed reload, in  1.437 seconds
Platform modules already initialized, skipping
Shader 'Universal Render Pipeline/Particles/Lit': fallback shader 'Universal Render Pipeline/Particles/SimpleLit' not found
Refreshing native plugins compatible for Editor in 0.48 ms, found 0 plugins.
Preloading 0 native plugins for Editor in 0.00 ms.
Unloading 2304 Unused Serialized files (Serialized files now loaded: 0)
System memory in use before: 114.2 MB.
System memory in use after: 114.3 MB.

Unloading 7 unused Assets to reduce memory usage. Loaded Objects now: 3000.
Total: 2.952100 ms (FindLiveObjects: 0.325300 ms CreateObjectMapping: 0.073700 ms MarkObjects: 2.387000 ms  DeleteObjects: 0.164500 ms)

========================================================================
Received Prepare
Registering precompiled user dll's ...
Registered in 0.001562 seconds.
Begin MonoManager ReloadAssembly
Native extension for WindowsStandalone target not found
Refreshing native plugins compatible for Editor in 0.66 ms, found 0 plugins.
Preloading 0 native plugins for Editor in 0.00 ms.
Mono: successfully reloaded assembly
- Completed reload, in  1.872 seconds
Platform modules already initialized, skipping
Shader 'Universal Render Pipeline/Particles/Lit': fallback shader 'Universal Render Pipeline/Particles/SimpleLit' not found
Refreshing native plugins compatible for Editor in 0.54 ms, found 0 plugins.
Preloading 0 native plugins for Editor in 0.00 ms.
Unloading 2304 Unused Serialized files (Serialized files now loaded: 0)
System memory in use before: 114.2 MB.
System memory in use after: 114.3 MB.

Unloading 7 unused Assets to reduce memory usage. Loaded Objects now: 3003.
Total: 3.572000 ms (FindLiveObjects: 0.334000 ms CreateObjectMapping: 0.073300 ms MarkObjects: 2.984900 ms  DeleteObjects: 0.177700 ms)

========================================================================
Received Prepare
Registering precompiled user dll's ...
Registered in 0.002963 seconds.
Begin MonoManager ReloadAssembly
Native extension for WindowsStandalone target not found
Refreshing native plugins compatible for Editor in 0.49 ms, found 0 plugins.
Preloading 0 native plugins for Editor in 0.00 ms.
Mono: successfully reloaded assembly
- Completed reload, in  1.345 seconds
Platform modules already initialized, skipping
Shader 'Universal Render Pipeline/Particles/Lit': fallback shader 'Universal Render Pipeline/Particles/SimpleLit' not found
Refreshing native plugins compatible for Editor in 0.48 ms, found 0 plugins.
Preloading 0 native plugins for Editor in 0.00 ms.
Unloading 2304 Unused Serialized files (Serialized files now loaded: 0)
System memory in use before: 114.2 MB.
System memory in use after: 114.3 MB.

Unloading 7 unused Assets to reduce memory usage. Loaded Objects now: 3006.
Total: 3.130600 ms (FindLiveObjects: 0.336200 ms CreateObjectMapping: 0.073300 ms MarkObjects: 2.547800 ms  DeleteObjects: 0.171600 ms)

========================================================================
Received Prepare
Registering precompiled user dll's ...
Registered in 0.001512 seconds.
Begin MonoManager ReloadAssembly
Native extension for WindowsStandalone target not found
Refreshing native plugins compatible for Editor in 0.52 ms, found 0 plugins.
Preloading 0 native plugins for Editor in 0.00 ms.
Mono: successfully reloaded assembly
- Completed reload, in  1.833 seconds
Platform modules already initialized, skipping
Shader 'Universal Render Pipeline/Particles/Lit': fallback shader 'Universal Render Pipeline/Particles/SimpleLit' not found
Refreshing native plugins compatible for Editor in 0.57 ms, found 0 plugins.
Preloading 0 native plugins for Editor in 0.00 ms.
Unloading 2304 Unused Serialized files (Serialized files now loaded: 0)
System memory in use before: 114.2 MB.
System memory in use after: 114.3 MB.

Unloading 7 unused Assets to reduce memory usage. Loaded Objects now: 3009.
Total: 3.292900 ms (FindLiveObjects: 0.384900 ms CreateObjectMapping: 0.074700 ms MarkObjects: 2.650900 ms  DeleteObjects: 0.179300 ms)

========================================================================
Received Prepare
Registering precompiled user dll's ...
Registered in 0.001384 seconds.
Begin MonoManager ReloadAssembly
Native extension for WindowsStandalone target not found
Refreshing native plugins compatible for Editor in 0.47 ms, found 0 plugins.
Preloading 0 native plugins for Editor in 0.00 ms.
Mono: successfully reloaded assembly
- Completed reload, in  1.325 seconds
Platform modules already initialized, skipping
Shader 'Universal Render Pipeline/Particles/Lit': fallback shader 'Universal Render Pipeline/Particles/SimpleLit' not found
Refreshing native plugins compatible for Editor in 0.51 ms, found 0 plugins.
Preloading 0 native plugins for Editor in 0.00 ms.
Unloading 2304 Unused Serialized files (Serialized files now loaded: 0)
System memory in use before: 114.1 MB.
System memory in use after: 114.2 MB.

Unloading 7 unused Assets to reduce memory usage. Loaded Objects now: 3012.
Total: 3.432600 ms (FindLiveObjects: 0.572900 ms CreateObjectMapping: 0.099400 ms MarkObjects: 2.594300 ms  DeleteObjects: 0.164400 ms)

========================================================================
Received Prepare
Registering precompiled user dll's ...
Registered in 0.001513 seconds.
Begin MonoManager ReloadAssembly
Native extension for WindowsStandalone target not found
Refreshing native plugins compatible for Editor in 0.66 ms, found 0 plugins.
Preloading 0 native plugins for Editor in 0.00 ms.
Mono: successfully reloaded assembly
- Completed reload, in  1.327 seconds
Platform modules already initialized, skipping
Shader 'Universal Render Pipeline/Particles/Lit': fallback shader 'Universal Render Pipeline/Particles/SimpleLit' not found
Refreshing native plugins compatible for Editor in 0.52 ms, found 0 plugins.
Preloading 0 native plugins for Editor in 0.00 ms.
Unloading 2304 Unused Serialized files (Serialized files now loaded: 0)
System memory in use before: 114.2 MB.
System memory in use after: 114.3 MB.

Unloading 7 unused Assets to reduce memory usage. Loaded Objects now: 3015.
Total: 3.477200 ms (FindLiveObjects: 0.345400 ms CreateObjectMapping: 0.073000 ms MarkObjects: 2.827900 ms  DeleteObjects: 0.229600 ms)

========================================================================
Received Prepare
Registering precompiled user dll's ...
Registered in 0.003392 seconds.
Begin MonoManager ReloadAssembly
Native extension for WindowsStandalone target not found
Refreshing native plugins compatible for Editor in 0.60 ms, found 0 plugins.
Preloading 0 native plugins for Editor in 0.00 ms.
Mono: successfully reloaded assembly
- Completed reload, in  1.226 seconds
Platform modules already initialized, skipping
Shader 'Universal Render Pipeline/Particles/Lit': fallback shader 'Universal Render Pipeline/Particles/SimpleLit' not found
Refreshing native plugins compatible for Editor in 0.55 ms, found 0 plugins.
Preloading 0 native plugins for Editor in 0.00 ms.
Unloading 2304 Unused Serialized files (Serialized files now loaded: 0)
System memory in use before: 114.3 MB.
System memory in use after: 114.3 MB.

Unloading 7 unused Assets to reduce memory usage. Loaded Objects now: 3018.
Total: 3.522500 ms (FindLiveObjects: 0.398100 ms CreateObjectMapping: 0.075500 ms MarkObjects: 2.877700 ms  DeleteObjects: 0.168700 ms)

========================================================================
Received Prepare
Registering precompiled user dll's ...
Registered in 0.002026 seconds.
Begin MonoManager ReloadAssembly
Native extension for WindowsStandalone target not found
Refreshing native plugins compatible for Editor in 0.55 ms, found 0 plugins.
Preloading 0 native plugins for Editor in 0.00 ms.
Mono: successfully reloaded assembly
- Completed reload, in  1.419 seconds
Platform modules already initialized, skipping
Shader 'Universal Render Pipeline/Particles/Lit': fallback shader 'Universal Render Pipeline/Particles/SimpleLit' not found
Refreshing native plugins compatible for Editor in 0.47 ms, found 0 plugins.
Preloading 0 native plugins for Editor in 0.00 ms.
Unloading 2304 Unused Serialized files (Serialized files now loaded: 0)
System memory in use before: 114.3 MB.
System memory in use after: 114.3 MB.

Unloading 7 unused Assets to reduce memory usage. Loaded Objects now: 3021.
Total: 3.289500 ms (FindLiveObjects: 0.387600 ms CreateObjectMapping: 0.074600 ms MarkObjects: 2.653000 ms  DeleteObjects: 0.171600 ms)

========================================================================
Received Prepare
Registering precompiled user dll's ...
Registered in 0.001661 seconds.
Begin MonoManager ReloadAssembly
Native extension for WindowsStandalone target not found
Refreshing native plugins compatible for Editor in 0.70 ms, found 0 plugins.
Preloading 0 native plugins for Editor in 0.00 ms.
Mono: successfully reloaded assembly
- Completed reload, in  1.313 seconds
Platform modules already initialized, skipping
Shader 'Universal Render Pipeline/Particles/Lit': fallback shader 'Universal Render Pipeline/Particles/SimpleLit' not found
Refreshing native plugins compatible for Editor in 0.80 ms, found 0 plugins.
Preloading 0 native plugins for Editor in 0.00 ms.
Unloading 2304 Unused Serialized files (Serialized files now loaded: 0)
System memory in use before: 114.3 MB.
System memory in use after: 114.3 MB.

Unloading 7 unused Assets to reduce memory usage. Loaded Objects now: 3024.
Total: 3.218500 ms (FindLiveObjects: 0.337900 ms CreateObjectMapping: 0.075800 ms MarkObjects: 2.642600 ms  DeleteObjects: 0.160200 ms)

========================================================================
Received Prepare
Registering precompiled user dll's ...
Registered in 0.001576 seconds.
Begin MonoManager ReloadAssembly
Native extension for WindowsStandalone target not found
Refreshing native plugins compatible for Editor in 0.48 ms, found 0 plugins.
Preloading 0 native plugins for Editor in 0.00 ms.
Mono: successfully reloaded assembly
- Completed reload, in  1.498 seconds
Platform modules already initialized, skipping
Shader 'Universal Render Pipeline/Particles/Lit': fallback shader 'Universal Render Pipeline/Particles/SimpleLit' not found
Refreshing native plugins compatible for Editor in 0.50 ms, found 0 plugins.
Preloading 0 native plugins for Editor in 0.00 ms.
Unloading 2304 Unused Serialized files (Serialized files now loaded: 0)
System memory in use before: 114.2 MB.
System memory in use after: 114.3 MB.

Unloading 7 unused Assets to reduce memory usage. Loaded Objects now: 3027.
Total: 4.022800 ms (FindLiveObjects: 0.465900 ms CreateObjectMapping: 0.080400 ms MarkObjects: 3.151900 ms  DeleteObjects: 0.322300 ms)

========================================================================
Received Prepare
Registering precompiled user dll's ...
Registered in 0.001442 seconds.
Begin MonoManager ReloadAssembly
Native extension for WindowsStandalone target not found
Refreshing native plugins compatible for Editor in 0.51 ms, found 0 plugins.
Preloading 0 native plugins for Editor in 0.00 ms.
Mono: successfully reloaded assembly
- Completed reload, in  1.368 seconds
Platform modules already initialized, skipping
Shader 'Universal Render Pipeline/Particles/Lit': fallback shader 'Universal Render Pipeline/Particles/SimpleLit' not found
Refreshing native plugins compatible for Editor in 0.49 ms, found 0 plugins.
Preloading 0 native plugins for Editor in 0.00 ms.
Unloading 2304 Unused Serialized files (Serialized files now loaded: 0)
System memory in use before: 114.3 MB.
System memory in use after: 114.4 MB.

Unloading 7 unused Assets to reduce memory usage. Loaded Objects now: 3030.
Total: 3.676500 ms (FindLiveObjects: 0.333500 ms CreateObjectMapping: 0.073400 ms MarkObjects: 3.088800 ms  DeleteObjects: 0.178900 ms)

========================================================================
Received Prepare
Registering precompiled user dll's ...
Registered in 0.001775 seconds.
Begin MonoManager ReloadAssembly
Native extension for WindowsStandalone target not found
Refreshing native plugins compatible for Editor in 0.52 ms, found 0 plugins.
Preloading 0 native plugins for Editor in 0.00 ms.
Mono: successfully reloaded assembly
- Completed reload, in  1.348 seconds
Platform modules already initialized, skipping
Shader 'Universal Render Pipeline/Particles/Lit': fallback shader 'Universal Render Pipeline/Particles/SimpleLit' not found
Refreshing native plugins compatible for Editor in 0.53 ms, found 0 plugins.
Preloading 0 native plugins for Editor in 0.00 ms.
Unloading 2304 Unused Serialized files (Serialized files now loaded: 0)
System memory in use before: 114.3 MB.
System memory in use after: 114.4 MB.

Unloading 7 unused Assets to reduce memory usage. Loaded Objects now: 3033.
Total: 3.235400 ms (FindLiveObjects: 0.341400 ms CreateObjectMapping: 0.077600 ms MarkObjects: 2.641500 ms  DeleteObjects: 0.172800 ms)

========================================================================
Received Import Request.
  Time since last request: 6809.859114 seconds.
  path: Assets/Scripts/PlayerScripts/PlayerPosition.asset
  artifactKey: Guid(b85db5334182966458e20c871e2a6e59) Importer(815301076,1909f56bfc062723c751e8b465ee728b)
Start importing Assets/Scripts/PlayerScripts/PlayerPosition.asset using Guid(b85db5334182966458e20c871e2a6e59) Importer(815301076,1909f56bfc062723c751e8b465ee728b)  -> (artifact id: 'db487be2bb88dab360c1a868b4393831') in 0.028549 seconds
  Import took 0.040794 seconds .

========================================================================
Received Import Request.
  Time since last request: 0.005640 seconds.
  path: Assets/Scripts/PlayerScripts/PlayerPosition.asset
  artifactKey: Guid(b85db5334182966458e20c871e2a6e59) Importer(815301076,1909f56bfc062723c751e8b465ee728b)
Start importing Assets/Scripts/PlayerScripts/PlayerPosition.asset using Guid(b85db5334182966458e20c871e2a6e59) Importer(815301076,1909f56bfc062723c751e8b465ee728b)  -> (artifact id: 'db487be2bb88dab360c1a868b4393831') in 0.018997 seconds
  Import took 0.026915 seconds .

========================================================================
Received Prepare
Registering precompiled user dll's ...
Registered in 0.002020 seconds.
Begin MonoManager ReloadAssembly
Native extension for WindowsStandalone target not found
Refreshing native plugins compatible for Editor in 0.64 ms, found 0 plugins.
Preloading 0 native plugins for Editor in 0.00 ms.
Mono: successfully reloaded assembly
- Completed reload, in  1.370 seconds
Platform modules already initialized, skipping
Shader 'Universal Render Pipeline/Particles/Lit': fallback shader 'Universal Render Pipeline/Particles/SimpleLit' not found
Refreshing native plugins compatible for Editor in 0.55 ms, found 0 plugins.
Preloading 0 native plugins for Editor in 0.00 ms.
Unloading 2304 Unused Serialized files (Serialized files now loaded: 0)
System memory in use before: 114.3 MB.
System memory in use after: 114.4 MB.

Unloading 7 unused Assets to reduce memory usage. Loaded Objects now: 3036.
Total: 3.427100 ms (FindLiveObjects: 0.337500 ms CreateObjectMapping: 0.075600 ms MarkObjects: 2.835900 ms  DeleteObjects: 0.176400 ms)

========================================================================
Received Prepare
Registering precompiled user dll's ...
Registered in 0.004789 seconds.
Begin MonoManager ReloadAssembly
Native extension for WindowsStandalone target not found
Refreshing native plugins compatible for Editor in 0.68 ms, found 0 plugins.
Preloading 0 native plugins for Editor in 0.00 ms.
Mono: successfully reloaded assembly
- Completed reload, in  1.892 seconds
Platform modules already initialized, skipping
Shader 'Universal Render Pipeline/Particles/Lit': fallback shader 'Universal Render Pipeline/Particles/SimpleLit' not found
Refreshing native plugins compatible for Editor in 0.56 ms, found 0 plugins.
Preloading 0 native plugins for Editor in 0.00 ms.
Unloading 2304 Unused Serialized files (Serialized files now loaded: 0)
System memory in use before: 114.3 MB.
System memory in use after: 114.4 MB.

Unloading 7 unused Assets to reduce memory usage. Loaded Objects now: 3039.
Total: 4.360500 ms (FindLiveObjects: 0.427200 ms CreateObjectMapping: 0.218100 ms MarkObjects: 3.550600 ms  DeleteObjects: 0.163000 ms)

========================================================================
Received Prepare
Registering precompiled user dll's ...
Registered in 0.004793 seconds.
Begin MonoManager ReloadAssembly
Native extension for WindowsStandalone target not found
Refreshing native plugins compatible for Editor in 0.60 ms, found 0 plugins.
Preloading 0 native plugins for Editor in 0.00 ms.
Mono: successfully reloaded assembly
- Completed reload, in  1.287 seconds
Platform modules already initialized, skipping
Shader 'Universal Render Pipeline/Particles/Lit': fallback shader 'Universal Render Pipeline/Particles/SimpleLit' not found
Refreshing native plugins compatible for Editor in 0.50 ms, found 0 plugins.
Preloading 0 native plugins for Editor in 0.00 ms.
Unloading 2304 Unused Serialized files (Serialized files now loaded: 0)
System memory in use before: 114.2 MB.
System memory in use after: 114.3 MB.

Unloading 7 unused Assets to reduce memory usage. Loaded Objects now: 3042.
Total: 3.502700 ms (FindLiveObjects: 0.341500 ms CreateObjectMapping: 0.076000 ms MarkObjects: 2.909200 ms  DeleteObjects: 0.174400 ms)

========================================================================
Received Prepare
Registering precompiled user dll's ...
Registered in 0.001677 seconds.
Begin MonoManager ReloadAssembly
Native extension for WindowsStandalone target not found
Refreshing native plugins compatible for Editor in 0.54 ms, found 0 plugins.
Preloading 0 native plugins for Editor in 0.00 ms.
Mono: successfully reloaded assembly
- Completed reload, in  1.364 seconds
Platform modules already initialized, skipping
Shader 'Universal Render Pipeline/Particles/Lit': fallback shader 'Universal Render Pipeline/Particles/SimpleLit' not found
Refreshing native plugins compatible for Editor in 0.46 ms, found 0 plugins.
Preloading 0 native plugins for Editor in 0.00 ms.
Unloading 2304 Unused Serialized files (Serialized files now loaded: 0)
System memory in use before: 114.3 MB.
System memory in use after: 114.4 MB.

Unloading 7 unused Assets to reduce memory usage. Loaded Objects now: 3045.
Total: 3.805500 ms (FindLiveObjects: 0.387300 ms CreateObjectMapping: 0.080400 ms MarkObjects: 3.170300 ms  DeleteObjects: 0.165900 ms)

========================================================================
Received Prepare
Registering precompiled user dll's ...
Registered in 0.001590 seconds.
Begin MonoManager ReloadAssembly
Native extension for WindowsStandalone target not found
Refreshing native plugins compatible for Editor in 0.55 ms, found 0 plugins.
Preloading 0 native plugins for Editor in 0.00 ms.
Mono: successfully reloaded assembly
- Completed reload, in  1.342 seconds
Platform modules already initialized, skipping
Shader 'Universal Render Pipeline/Particles/Lit': fallback shader 'Universal Render Pipeline/Particles/SimpleLit' not found
Refreshing native plugins compatible for Editor in 0.48 ms, found 0 plugins.
Preloading 0 native plugins for Editor in 0.00 ms.
Unloading 2304 Unused Serialized files (Serialized files now loaded: 0)
System memory in use before: 114.3 MB.
System memory in use after: 114.4 MB.

Unloading 7 unused Assets to reduce memory usage. Loaded Objects now: 3048.
Total: 3.493500 ms (FindLiveObjects: 0.354800 ms CreateObjectMapping: 0.079600 ms MarkObjects: 2.866100 ms  DeleteObjects: 0.190500 ms)

========================================================================
Received Prepare
Registering precompiled user dll's ...
Registered in 0.001693 seconds.
Begin MonoManager ReloadAssembly
Native extension for WindowsStandalone target not found
Refreshing native plugins compatible for Editor in 0.49 ms, found 0 plugins.
Preloading 0 native plugins for Editor in 0.00 ms.
Mono: successfully reloaded assembly
- Completed reload, in  1.375 seconds
Platform modules already initialized, skipping
Shader 'Universal Render Pipeline/Particles/Lit': fallback shader 'Universal Render Pipeline/Particles/SimpleLit' not found
Refreshing native plugins compatible for Editor in 0.48 ms, found 0 plugins.
Preloading 0 native plugins for Editor in 0.00 ms.
Unloading 2304 Unused Serialized files (Serialized files now loaded: 0)
System memory in use before: 114.3 MB.
System memory in use after: 114.4 MB.

Unloading 7 unused Assets to reduce memory usage. Loaded Objects now: 3051.
Total: 3.728700 ms (FindLiveObjects: 0.347500 ms CreateObjectMapping: 0.075200 ms MarkObjects: 3.131800 ms  DeleteObjects: 0.172300 ms)

========================================================================
Received Prepare
Registering precompiled user dll's ...
Registered in 0.001471 seconds.
Begin MonoManager ReloadAssembly
Native extension for WindowsStandalone target not found
Refreshing native plugins compatible for Editor in 0.53 ms, found 0 plugins.
Preloading 0 native plugins for Editor in 0.00 ms.
Mono: successfully reloaded assembly
- Completed reload, in  1.441 seconds
Platform modules already initialized, skipping
Shader 'Universal Render Pipeline/Particles/Lit': fallback shader 'Universal Render Pipeline/Particles/SimpleLit' not found
Refreshing native plugins compatible for Editor in 0.49 ms, found 0 plugins.
Preloading 0 native plugins for Editor in 0.00 ms.
Unloading 2304 Unused Serialized files (Serialized files now loaded: 0)
System memory in use before: 114.3 MB.
System memory in use after: 114.4 MB.

Unloading 7 unused Assets to reduce memory usage. Loaded Objects now: 3054.
Total: 3.922500 ms (FindLiveObjects: 0.347100 ms CreateObjectMapping: 0.080900 ms MarkObjects: 3.270700 ms  DeleteObjects: 0.220900 ms)

========================================================================
Received Prepare
Registering precompiled user dll's ...
Registered in 0.001508 seconds.
Begin MonoManager ReloadAssembly
Native extension for WindowsStandalone target not found
Refreshing native plugins compatible for Editor in 0.48 ms, found 0 plugins.
Preloading 0 native plugins for Editor in 0.00 ms.
Mono: successfully reloaded assembly
- Completed reload, in  1.372 seconds
Platform modules already initialized, skipping
Shader 'Universal Render Pipeline/Particles/Lit': fallback shader 'Universal Render Pipeline/Particles/SimpleLit' not found
Refreshing native plugins compatible for Editor in 0.49 ms, found 0 plugins.
Preloading 0 native plugins for Editor in 0.00 ms.
Unloading 2304 Unused Serialized files (Serialized files now loaded: 0)
System memory in use before: 114.3 MB.
System memory in use after: 114.3 MB.

Unloading 7 unused Assets to reduce memory usage. Loaded Objects now: 3057.
Total: 3.453900 ms (FindLiveObjects: 0.351500 ms CreateObjectMapping: 0.074100 ms MarkObjects: 2.851100 ms  DeleteObjects: 0.175600 ms)

========================================================================
Received Prepare
Registering precompiled user dll's ...
Registered in 0.001417 seconds.
Begin MonoManager ReloadAssembly
Native extension for WindowsStandalone target not found
Refreshing native plugins compatible for Editor in 0.68 ms, found 0 plugins.
Preloading 0 native plugins for Editor in 0.00 ms.
Mono: successfully reloaded assembly
- Completed reload, in  1.364 seconds
Platform modules already initialized, skipping
Shader 'Universal Render Pipeline/Particles/Lit': fallback shader 'Universal Render Pipeline/Particles/SimpleLit' not found
Refreshing native plugins compatible for Editor in 0.48 ms, found 0 plugins.
Preloading 0 native plugins for Editor in 0.00 ms.
Unloading 2304 Unused Serialized files (Serialized files now loaded: 0)
System memory in use before: 114.4 MB.
System memory in use after: 114.4 MB.

Unloading 7 unused Assets to reduce memory usage. Loaded Objects now: 3060.
Total: 3.323700 ms (FindLiveObjects: 0.350100 ms CreateObjectMapping: 0.077800 ms MarkObjects: 2.716000 ms  DeleteObjects: 0.177100 ms)

========================================================================
Received Prepare
Registering precompiled user dll's ...
Registered in 0.001687 seconds.
Begin MonoManager ReloadAssembly
Native extension for WindowsStandalone target not found
Refreshing native plugins compatible for Editor in 0.48 ms, found 0 plugins.
Preloading 0 native plugins for Editor in 0.00 ms.
Mono: successfully reloaded assembly
- Completed reload, in  1.375 seconds
Platform modules already initialized, skipping
Shader 'Universal Render Pipeline/Particles/Lit': fallback shader 'Universal Render Pipeline/Particles/SimpleLit' not found
Refreshing native plugins compatible for Editor in 0.49 ms, found 0 plugins.
Preloading 0 native plugins for Editor in 0.00 ms.
Unloading 2304 Unused Serialized files (Serialized files now loaded: 0)
System memory in use before: 114.4 MB.
System memory in use after: 114.5 MB.

Unloading 7 unused Assets to reduce memory usage. Loaded Objects now: 3063.
Total: 4.249300 ms (FindLiveObjects: 0.347500 ms CreateObjectMapping: 0.073400 ms MarkObjects: 3.234700 ms  DeleteObjects: 0.591200 ms)

========================================================================
Received Prepare
Registering precompiled user dll's ...
Registered in 0.002299 seconds.
Begin MonoManager ReloadAssembly
Native extension for WindowsStandalone target not found
Refreshing native plugins compatible for Editor in 0.64 ms, found 0 plugins.
Preloading 0 native plugins for Editor in 0.00 ms.
Mono: successfully reloaded assembly
- Completed reload, in  1.461 seconds
Platform modules already initialized, skipping
Shader 'Universal Render Pipeline/Particles/Lit': fallback shader 'Universal Render Pipeline/Particles/SimpleLit' not found
Refreshing native plugins compatible for Editor in 0.51 ms, found 0 plugins.
Preloading 0 native plugins for Editor in 0.00 ms.
Unloading 2304 Unused Serialized files (Serialized files now loaded: 0)
System memory in use before: 114.4 MB.
System memory in use after: 114.5 MB.

Unloading 7 unused Assets to reduce memory usage. Loaded Objects now: 3066.
Total: 3.289200 ms (FindLiveObjects: 0.371400 ms CreateObjectMapping: 0.084200 ms MarkObjects: 2.656100 ms  DeleteObjects: 0.175500 ms)

========================================================================
Received Prepare
Registering precompiled user dll's ...
Registered in 0.001359 seconds.
Begin MonoManager ReloadAssembly
Native extension for WindowsStandalone target not found
Refreshing native plugins compatible for Editor in 0.63 ms, found 0 plugins.
Preloading 0 native plugins for Editor in 0.00 ms.
Mono: successfully reloaded assembly
- Completed reload, in  1.325 seconds
Platform modules already initialized, skipping
Shader 'Universal Render Pipeline/Particles/Lit': fallback shader 'Universal Render Pipeline/Particles/SimpleLit' not found
Refreshing native plugins compatible for Editor in 0.62 ms, found 0 plugins.
Preloading 0 native plugins for Editor in 0.00 ms.
Unloading 2304 Unused Serialized files (Serialized files now loaded: 0)
System memory in use before: 114.4 MB.
System memory in use after: 114.5 MB.

Unloading 7 unused Assets to reduce memory usage. Loaded Objects now: 3069.
Total: 3.557900 ms (FindLiveObjects: 0.351500 ms CreateObjectMapping: 0.075100 ms MarkObjects: 2.891000 ms  DeleteObjects: 0.187400 ms)

========================================================================
Received Prepare
Registering precompiled user dll's ...
Registered in 0.001588 seconds.
Begin MonoManager ReloadAssembly
Native extension for WindowsStandalone target not found
Refreshing native plugins compatible for Editor in 0.48 ms, found 0 plugins.
Preloading 0 native plugins for Editor in 0.00 ms.
Mono: successfully reloaded assembly
- Completed reload, in  1.347 seconds
Platform modules already initialized, skipping
Shader 'Universal Render Pipeline/Particles/Lit': fallback shader 'Universal Render Pipeline/Particles/SimpleLit' not found
Refreshing native plugins compatible for Editor in 0.55 ms, found 0 plugins.
Preloading 0 native plugins for Editor in 0.00 ms.
Unloading 2304 Unused Serialized files (Serialized files now loaded: 0)
System memory in use before: 114.3 MB.
System memory in use after: 114.4 MB.

Unloading 7 unused Assets to reduce memory usage. Loaded Objects now: 3072.
Total: 3.855000 ms (FindLiveObjects: 0.353500 ms CreateObjectMapping: 0.309000 ms MarkObjects: 3.018000 ms  DeleteObjects: 0.172400 ms)

========================================================================
Received Prepare
Registering precompiled user dll's ...
Registered in 0.001643 seconds.
Begin MonoManager ReloadAssembly
Native extension for WindowsStandalone target not found
Refreshing native plugins compatible for Editor in 1.85 ms, found 0 plugins.
Preloading 0 native plugins for Editor in 0.00 ms.
Mono: successfully reloaded assembly
- Completed reload, in  1.351 seconds
Platform modules already initialized, skipping
Shader 'Universal Render Pipeline/Particles/Lit': fallback shader 'Universal Render Pipeline/Particles/SimpleLit' not found
Refreshing native plugins compatible for Editor in 0.48 ms, found 0 plugins.
Preloading 0 native plugins for Editor in 0.00 ms.
Unloading 2304 Unused Serialized files (Serialized files now loaded: 0)
System memory in use before: 114.4 MB.
System memory in use after: 114.5 MB.

Unloading 7 unused Assets to reduce memory usage. Loaded Objects now: 3075.
Total: 3.691900 ms (FindLiveObjects: 0.357800 ms CreateObjectMapping: 0.078100 ms MarkObjects: 3.085200 ms  DeleteObjects: 0.168700 ms)

========================================================================
Received Prepare
Registering precompiled user dll's ...
Registered in 0.001568 seconds.
Begin MonoManager ReloadAssembly
Native extension for WindowsStandalone target not found
Refreshing native plugins compatible for Editor in 0.61 ms, found 0 plugins.
Preloading 0 native plugins for Editor in 0.00 ms.
Mono: successfully reloaded assembly
- Completed reload, in  1.387 seconds
Platform modules already initialized, skipping
Shader 'Universal Render Pipeline/Particles/Lit': fallback shader 'Universal Render Pipeline/Particles/SimpleLit' not found
Refreshing native plugins compatible for Editor in 0.48 ms, found 0 plugins.
Preloading 0 native plugins for Editor in 0.00 ms.
Unloading 2304 Unused Serialized files (Serialized files now loaded: 0)
System memory in use before: 114.4 MB.
System memory in use after: 114.5 MB.

Unloading 7 unused Assets to reduce memory usage. Loaded Objects now: 3078.
Total: 6.081400 ms (FindLiveObjects: 0.511400 ms CreateObjectMapping: 0.180500 ms MarkObjects: 4.885400 ms  DeleteObjects: 0.501800 ms)

========================================================================
Received Prepare
Registering precompiled user dll's ...
Registered in 0.001515 seconds.
Begin MonoManager ReloadAssembly
Native extension for WindowsStandalone target not found
Refreshing native plugins compatible for Editor in 0.74 ms, found 0 plugins.
Preloading 0 native plugins for Editor in 0.00 ms.
Mono: successfully reloaded assembly
- Completed reload, in  1.514 seconds
Platform modules already initialized, skipping
Shader 'Universal Render Pipeline/Particles/Lit': fallback shader 'Universal Render Pipeline/Particles/SimpleLit' not found
Refreshing native plugins compatible for Editor in 0.59 ms, found 0 plugins.
Preloading 0 native plugins for Editor in 0.00 ms.
Unloading 2304 Unused Serialized files (Serialized files now loaded: 0)
System memory in use before: 114.4 MB.
System memory in use after: 114.5 MB.

Unloading 7 unused Assets to reduce memory usage. Loaded Objects now: 3081.
Total: 3.756200 ms (FindLiveObjects: 0.388000 ms CreateObjectMapping: 0.074100 ms MarkObjects: 3.115600 ms  DeleteObjects: 0.176200 ms)

========================================================================
Received Prepare
Registering precompiled user dll's ...
Registered in 0.002834 seconds.
Begin MonoManager ReloadAssembly
Native extension for WindowsStandalone target not found
Refreshing native plugins compatible for Editor in 0.49 ms, found 0 plugins.
Preloading 0 native plugins for Editor in 0.00 ms.
Mono: successfully reloaded assembly
- Completed reload, in  1.397 seconds
Platform modules already initialized, skipping
Shader 'Universal Render Pipeline/Particles/Lit': fallback shader 'Universal Render Pipeline/Particles/SimpleLit' not found
Refreshing native plugins compatible for Editor in 0.48 ms, found 0 plugins.
Preloading 0 native plugins for Editor in 0.00 ms.
Unloading 2304 Unused Serialized files (Serialized files now loaded: 0)
System memory in use before: 114.4 MB.
System memory in use after: 114.5 MB.

Unloading 7 unused Assets to reduce memory usage. Loaded Objects now: 3084.
Total: 4.467300 ms (FindLiveObjects: 0.363300 ms CreateObjectMapping: 0.074600 ms MarkObjects: 3.866200 ms  DeleteObjects: 0.161500 ms)

========================================================================
Received Prepare
Registering precompiled user dll's ...
Registered in 0.001990 seconds.
Begin MonoManager ReloadAssembly
Native extension for WindowsStandalone target not found
Refreshing native plugins compatible for Editor in 0.64 ms, found 0 plugins.
Preloading 0 native plugins for Editor in 0.00 ms.
Mono: successfully reloaded assembly
- Completed reload, in  1.429 seconds
Platform modules already initialized, skipping
Shader 'Universal Render Pipeline/Particles/Lit': fallback shader 'Universal Render Pipeline/Particles/SimpleLit' not found
Refreshing native plugins compatible for Editor in 6.51 ms, found 0 plugins.
Preloading 0 native plugins for Editor in 0.00 ms.
Unloading 2304 Unused Serialized files (Serialized files now loaded: 0)
System memory in use before: 114.3 MB.
System memory in use after: 114.4 MB.

Unloading 7 unused Assets to reduce memory usage. Loaded Objects now: 3087.
Total: 4.888700 ms (FindLiveObjects: 0.691900 ms CreateObjectMapping: 0.174500 ms MarkObjects: 3.319300 ms  DeleteObjects: 0.700800 ms)

========================================================================
Received Prepare
Registering precompiled user dll's ...
Registered in 0.001548 seconds.
Begin MonoManager ReloadAssembly
Native extension for WindowsStandalone target not found
Refreshing native plugins compatible for Editor in 0.52 ms, found 0 plugins.
Preloading 0 native plugins for Editor in 0.00 ms.
Mono: successfully reloaded assembly
- Completed reload, in  1.344 seconds
Platform modules already initialized, skipping
Shader 'Universal Render Pipeline/Particles/Lit': fallback shader 'Universal Render Pipeline/Particles/SimpleLit' not found
Refreshing native plugins compatible for Editor in 0.57 ms, found 0 plugins.
Preloading 0 native plugins for Editor in 0.00 ms.
Unloading 2304 Unused Serialized files (Serialized files now loaded: 0)
System memory in use before: 114.4 MB.
System memory in use after: 114.5 MB.

Unloading 7 unused Assets to reduce memory usage. Loaded Objects now: 3090.
Total: 3.160200 ms (FindLiveObjects: 0.351900 ms CreateObjectMapping: 0.079400 ms MarkObjects: 2.548100 ms  DeleteObjects: 0.178800 ms)

========================================================================
Received Import Request.
  Time since last request: 4696.040070 seconds.
  path: Assets/Sprites/PostacB.jpg
  artifactKey: Guid(8d0f43f55f36c0e40bbdb078fa1d191d) Importer(815301076,1909f56bfc062723c751e8b465ee728b)
Start importing Assets/Sprites/PostacB.jpg using Guid(8d0f43f55f36c0e40bbdb078fa1d191d) Importer(815301076,1909f56bfc062723c751e8b465ee728b)  -> (artifact id: 'e3e1883952e2979e6c8d1b5953962928') in 0.126467 seconds
  Import took 0.132934 seconds .

========================================================================
Received Import Request.
  Time since last request: 2.645676 seconds.
  path: Assets/Sprites/Skrzynia sprite, 1695x1569.png
  artifactKey: Guid(2544330f19ebde342835e52a3c3d7cb6) Importer(815301076,1909f56bfc062723c751e8b465ee728b)
Start importing Assets/Sprites/Skrzynia sprite, 1695x1569.png using Guid(2544330f19ebde342835e52a3c3d7cb6) Importer(815301076,1909f56bfc062723c751e8b465ee728b)  -> (artifact id: '08fac0bf91121f1dd5001ffeaa16349d') in 0.040468 seconds
  Import took 0.047741 seconds .

========================================================================
Received Import Request.
  Time since last request: 9.878800 seconds.
  path: Assets/Sprites
  artifactKey: Guid(2a4706bd689810c47a6147acaa2e93af) Importer(815301076,1909f56bfc062723c751e8b465ee728b)
Start importing Assets/Sprites using Guid(2a4706bd689810c47a6147acaa2e93af) Importer(815301076,1909f56bfc062723c751e8b465ee728b)  -> (artifact id: '8d079d1c8ab97f406af2163098e6ca41') in 0.013527 seconds
  Import took 0.020938 seconds .

========================================================================
Received Import Request.
  Time since last request: 24.116878 seconds.
  path: Assets/Sprites/NewSprites
  artifactKey: Guid(54fb5049926ff454eaef5c19d63b9e8a) Importer(815301076,1909f56bfc062723c751e8b465ee728b)
Start importing Assets/Sprites/NewSprites using Guid(54fb5049926ff454eaef5c19d63b9e8a) Importer(815301076,1909f56bfc062723c751e8b465ee728b)  -> (artifact id: 'b923d5d15e848d9ad657bd1bdd5ded09') in 0.023037 seconds
  Import took 0.030405 seconds .

========================================================================
Received Import Request.
  Time since last request: 15.834757 seconds.
  path: Assets/Sprites/NewSprites/Animations
  artifactKey: Guid(8787485557f72094884825957cc89f56) Importer(815301076,1909f56bfc062723c751e8b465ee728b)
Start importing Assets/Sprites/NewSprites/Animations using Guid(8787485557f72094884825957cc89f56) Importer(815301076,1909f56bfc062723c751e8b465ee728b)  -> (artifact id: '030f59d72827279f9523c2121149fd32') in 0.026198 seconds
  Import took 0.034681 seconds .

========================================================================
Received Prepare
Registering precompiled user dll's ...
Registered in 0.002016 seconds.
Begin MonoManager ReloadAssembly
Native extension for WindowsStandalone target not found
Refreshing native plugins compatible for Editor in 0.49 ms, found 0 plugins.
Preloading 0 native plugins for Editor in 0.00 ms.
Mono: successfully reloaded assembly
- Completed reload, in  1.309 seconds
Platform modules already initialized, skipping
Shader 'Universal Render Pipeline/Particles/Lit': fallback shader 'Universal Render Pipeline/Particles/SimpleLit' not found
Refreshing native plugins compatible for Editor in 0.70 ms, found 0 plugins.
Preloading 0 native plugins for Editor in 0.00 ms.
Unloading 2304 Unused Serialized files (Serialized files now loaded: 0)
System memory in use before: 114.4 MB.
System memory in use after: 114.5 MB.

Unloading 7 unused Assets to reduce memory usage. Loaded Objects now: 3098.
Total: 3.293600 ms (FindLiveObjects: 0.378200 ms CreateObjectMapping: 0.077500 ms MarkObjects: 2.661000 ms  DeleteObjects: 0.174700 ms)

========================================================================
Received Prepare
Registering precompiled user dll's ...
Registered in 0.002951 seconds.
Begin MonoManager ReloadAssembly
Native extension for WindowsStandalone target not found
Refreshing native plugins compatible for Editor in 0.57 ms, found 0 plugins.
Preloading 0 native plugins for Editor in 0.00 ms.
Mono: successfully reloaded assembly
- Completed reload, in  1.354 seconds
Platform modules already initialized, skipping
Shader 'Universal Render Pipeline/Particles/Lit': fallback shader 'Universal Render Pipeline/Particles/SimpleLit' not found
Refreshing native plugins compatible for Editor in 0.61 ms, found 0 plugins.
Preloading 0 native plugins for Editor in 0.00 ms.
Unloading 2304 Unused Serialized files (Serialized files now loaded: 0)
System memory in use before: 114.4 MB.
System memory in use after: 114.5 MB.

Unloading 7 unused Assets to reduce memory usage. Loaded Objects now: 3101.
Total: 5.435100 ms (FindLiveObjects: 0.967800 ms CreateObjectMapping: 1.044000 ms MarkObjects: 3.226000 ms  DeleteObjects: 0.194900 ms)

========================================================================
Received Prepare
Registering precompiled user dll's ...
Registered in 0.001544 seconds.
Begin MonoManager ReloadAssembly
Native extension for WindowsStandalone target not found
Refreshing native plugins compatible for Editor in 0.47 ms, found 0 plugins.
Preloading 0 native plugins for Editor in 0.00 ms.
Mono: successfully reloaded assembly
- Completed reload, in  1.230 seconds
Platform modules already initialized, skipping
Shader 'Universal Render Pipeline/Particles/Lit': fallback shader 'Universal Render Pipeline/Particles/SimpleLit' not found
Refreshing native plugins compatible for Editor in 0.59 ms, found 0 plugins.
Preloading 0 native plugins for Editor in 0.00 ms.
Unloading 2304 Unused Serialized files (Serialized files now loaded: 0)
System memory in use before: 114.5 MB.
System memory in use after: 114.5 MB.

Unloading 7 unused Assets to reduce memory usage. Loaded Objects now: 3104.
Total: 3.586500 ms (FindLiveObjects: 0.360200 ms CreateObjectMapping: 0.077200 ms MarkObjects: 2.965500 ms  DeleteObjects: 0.182000 ms)

========================================================================
Received Import Request.
  Time since last request: 1805.231284 seconds.
  path: Assets/Scripts/PlayerScripts/PlayerPosition.asset
  artifactKey: Guid(b85db5334182966458e20c871e2a6e59) Importer(815301076,1909f56bfc062723c751e8b465ee728b)
Start importing Assets/Scripts/PlayerScripts/PlayerPosition.asset using Guid(b85db5334182966458e20c871e2a6e59) Importer(815301076,1909f56bfc062723c751e8b465ee728b)  -> (artifact id: '2dd91e2c760a6cb81fac73f8d88863e3') in 0.043396 seconds
  Import took 0.064760 seconds .

AssetImportWorkerClient::OnTransportError - code=2 error=End of file
