Using pre-set license
Built from '2020.3/staging' branch; Version is '2020.3.4f1 (0abb6314276a) revision 703331'; Using compiler version '192528614'; Build Type 'Release'
OS: 'Windows 10 Enterprise LTSC 2019; OS build 17763.1879; Version 1809; 64bit' Language: 'en' Physical Memory: 16335 MB
BatchMode: 1, IsHumanControllingUs: 0, StartBugReporterOnCrash: 0, Is64bit: 1, IsPro: 0

 COMMAND LINE ARGUMENTS:
F:\Unity\Unity_Projects\2020.3.4f1\Editor\Unity.exe
-adb2
-batchMode
-noUpm
-name
AssetImportWorker1
-projectPath
F:/Unity/GitHub/Sanguis-Universum/Sanguis-Universum
-logFile
Logs/AssetImportWorker1.log
-srvPort
60015
Successfully changed project path to: F:/Unity/GitHub/Sanguis-Universum/Sanguis-Universum
F:/Unity/GitHub/Sanguis-Universum/Sanguis-Universum
Using Asset Import Pipeline V2.
Refreshing native plugins compatible for Editor in 88.09 ms, found 0 plugins.
Preloading 0 native plugins for Editor in 0.00 ms.
Initialize engine version: 2020.3.4f1 (0abb6314276a)
[Subsystems] Discovering subsystems at path F:/Unity/Unity_Projects/2020.3.4f1/Editor/Data/Resources/UnitySubsystems
[Subsystems] Discovering subsystems at path F:/Unity/GitHub/Sanguis-Universum/Sanguis-Universum/Assets
GfxDevice: creating device client; threaded=0
Direct3D:
    Version:  Direct3D 11.0 [level 11.1]
    Renderer: Radeon RX 570 Series (ID=0x67df)
    Vendor:   
    VRAM:     4075 MB
    Driver:   27.20.14501.24001
Shader 'Universal Render Pipeline/Particles/Lit': fallback shader 'Universal Render Pipeline/Particles/SimpleLit' not found
Initialize mono
Mono path[0] = 'F:/Unity/Unity_Projects/2020.3.4f1/Editor/Data/Managed'
Mono path[1] = 'F:/Unity/Unity_Projects/2020.3.4f1/Editor/Data/MonoBleedingEdge/lib/mono/unityjit'
Mono config path = 'F:/Unity/Unity_Projects/2020.3.4f1/Editor/Data/MonoBleedingEdge/etc'
Using monoOptions --debugger-agent=transport=dt_socket,embedding=1,server=y,suspend=n,address=127.0.0.1:56412
Begin MonoManager ReloadAssembly
Registering precompiled unity dll's ...
Register platform support module: F:/Unity/Unity_Projects/2020.3.4f1/Editor/Data/PlaybackEngines/WindowsStandaloneSupport/UnityEditor.WindowsStandalone.Extensions.dll
Registered in 0.002023 seconds.
Native extension for WindowsStandalone target not found
Refreshing native plugins compatible for Editor in 78.18 ms, found 0 plugins.
Preloading 0 native plugins for Editor in 0.00 ms.
Mono: successfully reloaded assembly
- Completed reload, in  1.762 seconds
Platform modules already initialized, skipping
Registering precompiled user dll's ...
Registered in 0.004318 seconds.
Begin MonoManager ReloadAssembly
Native extension for WindowsStandalone target not found
Refreshing native plugins compatible for Editor in 75.89 ms, found 0 plugins.
Preloading 0 native plugins for Editor in 0.00 ms.
Mono: successfully reloaded assembly
- Completed reload, in  1.822 seconds
Platform modules already initialized, skipping
========================================================================
Worker process is ready to serve import requests
Shader 'Universal Render Pipeline/Particles/Lit': fallback shader 'Universal Render Pipeline/Particles/SimpleLit' not found
Launched and connected shader compiler UnityShaderCompiler.exe after 0.25 seconds
Refreshing native plugins compatible for Editor in 0.56 ms, found 0 plugins.
Preloading 0 native plugins for Editor in 0.00 ms.
Unloading 2433 Unused Serialized files (Serialized files now loaded: 0)
System memory in use before: 117.6 MB.
System memory in use after: 117.7 MB.

Unloading 11 unused Assets to reduce memory usage. Loaded Objects now: 2873.
Total: 4.082700 ms (FindLiveObjects: 0.317200 ms CreateObjectMapping: 0.165700 ms MarkObjects: 3.393200 ms  DeleteObjects: 0.203300 ms)

========================================================================
Received Prepare
Shader 'Universal Render Pipeline/Particles/Lit': fallback shader 'Universal Render Pipeline/Particles/SimpleLit' not found
Refreshing native plugins compatible for Editor in 1.24 ms, found 0 plugins.
Preloading 0 native plugins for Editor in 0.00 ms.
Unloading 5 Unused Serialized files (Serialized files now loaded: 0)
System memory in use before: 63.1 MB.
System memory in use after: 63.2 MB.

Unloading 5 unused Assets to reduce memory usage. Loaded Objects now: 2873.
Total: 4.818300 ms (FindLiveObjects: 0.327100 ms CreateObjectMapping: 0.076500 ms MarkObjects: 4.067500 ms  DeleteObjects: 0.344400 ms)

========================================================================
Received Import Request.
  path: Assets/Scenes/Menu.unity
  artifactKey: Guid(d40d0e0c026f7a041a03954c2d013a74) Importer(815301076,1909f56bfc062723c751e8b465ee728b)
Start importing Assets/Scenes/Menu.unity using Guid(d40d0e0c026f7a041a03954c2d013a74) Importer(815301076,1909f56bfc062723c751e8b465ee728b)  -> (artifact id: '5e7c24c70b69aeea07b9248d036c9c86') in 0.017476 seconds
  Import took 0.023619 seconds .

========================================================================
Received Import Request.
  Time since last request: 107.280512 seconds.
  path: Assets/Scenes/Teleportation.controller
  artifactKey: Guid(91bc5c69d579ccb46bdf680c820fb593) Importer(815301076,1909f56bfc062723c751e8b465ee728b)
Start importing Assets/Scenes/Teleportation.controller using Guid(91bc5c69d579ccb46bdf680c820fb593) Importer(815301076,1909f56bfc062723c751e8b465ee728b)  -> (artifact id: 'f3f430377e70aa1872a504b7cbfbf808') in 0.096069 seconds
  Import took 0.103786 seconds .

========================================================================
Received Import Request.
  Time since last request: 167.743498 seconds.
  path: Assets/Scenes/First_level.unity
  artifactKey: Guid(8d3ddc68dca811d44bbe1b3b116e4d04) Importer(815301076,1909f56bfc062723c751e8b465ee728b)
Start importing Assets/Scenes/First_level.unity using Guid(8d3ddc68dca811d44bbe1b3b116e4d04) Importer(815301076,1909f56bfc062723c751e8b465ee728b)  -> (artifact id: '665baa30d646c3a7381ecc7776c77cfb') in 0.009556 seconds
  Import took 0.015581 seconds .

========================================================================
Received Prepare
Registering precompiled user dll's ...
Registered in 0.025904 seconds.
Begin MonoManager ReloadAssembly
Native extension for WindowsStandalone target not found
Refreshing native plugins compatible for Editor in 0.48 ms, found 0 plugins.
Preloading 0 native plugins for Editor in 0.00 ms.
Mono: successfully reloaded assembly
- Completed reload, in  1.513 seconds
Platform modules already initialized, skipping
Shader 'Universal Render Pipeline/Particles/Lit': fallback shader 'Universal Render Pipeline/Particles/SimpleLit' not found
Refreshing native plugins compatible for Editor in 0.57 ms, found 0 plugins.
Preloading 0 native plugins for Editor in 0.00 ms.
Unloading 2305 Unused Serialized files (Serialized files now loaded: 0)
System memory in use before: 108.8 MB.
System memory in use after: 108.9 MB.

Unloading 7 unused Assets to reduce memory usage. Loaded Objects now: 2876.
Total: 4.856900 ms (FindLiveObjects: 0.419900 ms CreateObjectMapping: 0.124700 ms MarkObjects: 4.035100 ms  DeleteObjects: 0.275300 ms)

========================================================================
Received Import Request.
  Time since last request: 95.673867 seconds.
  path: Assets/Scenes/FirstOne_Scene/FirstOne_Scene.unity
  artifactKey: Guid(8b1504e45d43d5645b17ce243e3ad5bc) Importer(815301076,1909f56bfc062723c751e8b465ee728b)
Start importing Assets/Scenes/FirstOne_Scene/FirstOne_Scene.unity using Guid(8b1504e45d43d5645b17ce243e3ad5bc) Importer(815301076,1909f56bfc062723c751e8b465ee728b)  -> (artifact id: '910d2b11c503bf89f721a723dbf0a3f5') in 0.040349 seconds
  Import took 0.048230 seconds .

========================================================================
Received Prepare
Registering precompiled user dll's ...
Registered in 0.004043 seconds.
Begin MonoManager ReloadAssembly
Native extension for WindowsStandalone target not found
Refreshing native plugins compatible for Editor in 0.54 ms, found 0 plugins.
Preloading 0 native plugins for Editor in 0.00 ms.
Mono: successfully reloaded assembly
- Completed reload, in  1.770 seconds
Platform modules already initialized, skipping
Shader 'Universal Render Pipeline/Particles/Lit': fallback shader 'Universal Render Pipeline/Particles/SimpleLit' not found
Refreshing native plugins compatible for Editor in 0.67 ms, found 0 plugins.
Preloading 0 native plugins for Editor in 0.00 ms.
Unloading 2305 Unused Serialized files (Serialized files now loaded: 0)
System memory in use before: 108.9 MB.
System memory in use after: 109.0 MB.

Unloading 7 unused Assets to reduce memory usage. Loaded Objects now: 2879.
Total: 3.385400 ms (FindLiveObjects: 0.315200 ms CreateObjectMapping: 0.342300 ms MarkObjects: 2.544500 ms  DeleteObjects: 0.181300 ms)

========================================================================
Received Import Request.
  Time since last request: 408.938188 seconds.
  path: Assets/Scripts/PlayerScripts/Player_Stats_Equipment.cs
  artifactKey: Guid(2c6fa89f8c4c1af4295beb211cd6fb1f) Importer(815301076,1909f56bfc062723c751e8b465ee728b)
Start importing Assets/Scripts/PlayerScripts/Player_Stats_Equipment.cs using Guid(2c6fa89f8c4c1af4295beb211cd6fb1f) Importer(815301076,1909f56bfc062723c751e8b465ee728b)  -> (artifact id: 'a0d132bc27e03ff04fd48764b0bb04dd') in 0.016035 seconds
  Import took 0.022921 seconds .

========================================================================
Received Import Request.
  Time since last request: 0.026441 seconds.
  path: Assets/Scripts/PlayerScripts/Player_Stats_Equipment.cs
  artifactKey: Guid(2c6fa89f8c4c1af4295beb211cd6fb1f) Importer(815301076,1909f56bfc062723c751e8b465ee728b)
Start importing Assets/Scripts/PlayerScripts/Player_Stats_Equipment.cs using Guid(2c6fa89f8c4c1af4295beb211cd6fb1f) Importer(815301076,1909f56bfc062723c751e8b465ee728b)  -> (artifact id: 'a0d132bc27e03ff04fd48764b0bb04dd') in 0.005451 seconds
  Import took 0.014699 seconds .

AssetImportWorkerClient::OnTransportError - code=2 error=End of file
